#
# A fatal error has been detected by the Java Runtime Environment:
#
#  EXCEPTION_ACCESS_VIOLATION (0xc0000005) at pc=0x00000000, pid=6904, tid=2676
#
# JRE version: Java(TM) SE Runtime Environment (8.0_45-b15) (build 1.8.0_45-b15)
# Java VM: Java HotSpot(TM) Client VM (25.45-b02 mixed mode windows-x86 )
# Problematic frame:
# C  0x00000000
#
# Failed to write core dump. Minidumps are not enabled by default on client versions of Windows
#
# If you would like to submit a bug report, please visit:
#   http://bugreport.java.com/bugreport/crash.jsp
#

---------------  T H R E A D  ---------------

Current thread (0x268e0c00):  JavaThread "1625840@qtp-20181653-2" [_thread_in_Java, id=2676, stack(0x27320000,0x27370000)]

siginfo: ExceptionCode=0xc0000005, ExceptionInformation=0x00000008 0x00000000

Registers:
EAX=0x268e0c00, EBX=0x28c0fda8, ECX=0x10029838, EDX=0x70100001
ESP=0x2736ee2c, EBP=0x2736ee54, ESI=0x2736ee30, EDI=0x2736ee80
EIP=0x00000000, EFLAGS=0x00010246

Top of Stack: (sp=0x2736ee2c)
0x2736ee2c:   026c4394 10029838 2736ee34 24813eb4
0x2736ee3c:   2736ee80 2487b338 00000000 24813f68
0x2736ee4c:   2736ee30 2736ee7c 2736eea8 026c4394
0x2736ee5c:   00000000 00000000 00000000 00000000
0x2736ee6c:   00000000 00000000 00000000 04e3ff18
0x2736ee7c:   10029838 100297a8 04e3c7d8 2736ee88
0x2736ee8c:   28c7b23e 2736eeb8 28c7cb20 00000000
0x2736ee9c:   28c7b318 2736ee7c 2736eeb8 2736eee0 

Instructions: (pc=0x00000000)
0xffffffe0:   


Register to memory mapping:

EAX=0x268e0c00 is a thread
EBX={method} {0x28c0fdac} 'lock' '()Ljava/lang/Object;' in 'java/lang/Throwable$PrintStreamOrWriter'
ECX=0x10029838 is an oop
java.lang.String 
 - klass: 'java/lang/String'
EDX=0x70100001 is an unknown value
ESP=0x2736ee2c is pointing into the stack for thread: 0x268e0c00
EBP=0x2736ee54 is pointing into the stack for thread: 0x268e0c00
ESI=0x2736ee30 is pointing into the stack for thread: 0x268e0c00
EDI=0x2736ee80 is pointing into the stack for thread: 0x268e0c00


Stack: [0x27320000,0x27370000],  sp=0x2736ee2c,  free space=315k

---------------  P R O C E S S  ---------------

Java Threads: ( => current thread )
  0x264e6800 JavaThread "6508605@qtp-20181653-4" [_thread_blocked, id=7284, stack(0x29050000,0x290a0000)]
  0x2779b000 JavaThread "Java2D Disposer" daemon [_thread_blocked, id=7000, stack(0x28e00000,0x28e50000)]
  0x266e0400 JavaThread "23537416@qtp-20181653-3" [_thread_blocked, id=6440, stack(0x271c0000,0x27210000)]
  0x265cbc00 JavaThread "Thread-8" daemon [_thread_blocked, id=8092, stack(0x26e40000,0x26e90000)]
  0x265cb400 JavaThread "Thread-7" daemon [_thread_blocked, id=7384, stack(0x272b0000,0x27300000)]
  0x26685000 JavaThread "pool-2-thread-1" daemon [_thread_blocked, id=7836, stack(0x27100000,0x27150000)]
=>0x268e0c00 JavaThread "1625840@qtp-20181653-2" [_thread_in_Java, id=2676, stack(0x27320000,0x27370000)]
  0x268de800 JavaThread "Timer-1" daemon [_thread_blocked, id=7316, stack(0x27170000,0x271c0000)]
  0x264c4400 JavaThread "Timer-0" daemon [_thread_blocked, id=3956, stack(0x26ea0000,0x26ef0000)]
  0x262ca800 JavaThread "22362483@qtp-20181653-1 - Acceptor0 SelectChannelConnector@127.0.0.1:8888" [_thread_in_native, id=7560, stack(0x26d70000,0x26dc0000)]
  0x257f5400 JavaThread "Service Thread" daemon [_thread_blocked, id=7044, stack(0x253f0000,0x25440000)]
  0x2502bc00 JavaThread "C1 CompilerThread0" daemon [_thread_blocked, id=6164, stack(0x25d30000,0x25d80000)]
  0x24e9c400 JavaThread "JDWP Command Reader" daemon [_thread_in_native, id=6228, stack(0x25550000,0x255a0000)]
  0x24e9a800 JavaThread "JDWP Event Helper Thread" daemon [_thread_blocked, id=2648, stack(0x25780000,0x257d0000)]
  0x24e8f000 JavaThread "JDWP Transport Listener: dt_socket" daemon [_thread_blocked, id=6804, stack(0x00920000,0x00970000)]
  0x24e89000 JavaThread "Attach Listener" daemon [_thread_blocked, id=6848, stack(0x24dd0000,0x24e20000)]
  0x24e88400 JavaThread "Signal Dispatcher" daemon [_thread_blocked, id=7436, stack(0x25210000,0x25260000)]
  0x24e58800 JavaThread "Finalizer" daemon [_thread_blocked, id=5724, stack(0x25170000,0x251c0000)]
  0x24e52400 JavaThread "Reference Handler" daemon [_thread_blocked, id=7888, stack(0x24c70000,0x24cc0000)]
  0x0015e800 JavaThread "main" [_thread_blocked, id=7228, stack(0x001b0000,0x00200000)]

Other Threads:
  0x24e4f000 VMThread [stack: 0x04780000,0x047d0000] [id=6616]
  0x257f6c00 WatcherThread [stack: 0x25bf0000,0x25c40000] [id=2612]

VM state:not at safepoint (normal execution)

VM Mutex/Monitor currently owned by a thread: None

Heap:
 def new generation   total 8960K, used 7207K [0x04800000, 0x051b0000, 0x0f2a0000)
  eden space 8000K,  81% used [0x04800000, 0x04e56210, 0x04fd0000)
  from space 960K,  74% used [0x050c0000, 0x05173a90, 0x051b0000)
  to   space 960K,   0% used [0x04fd0000, 0x04fd0000, 0x050c0000)
 tenured generation   total 19700K, used 14056K [0x0f2a0000, 0x105dd000, 0x24800000)
   the space 19700K,  71% used [0x0f2a0000, 0x1005a300, 0x1005a400, 0x105dd000)
 Metaspace       used 21109K, capacity 21291K, committed 21376K, reserved 21888K

Card table byte_map: [0x00ea0000,0x00fb0000] byte_map_base: 0x00e7c000

Polling page: 0x00130000

CodeCache: size=32768Kb used=3933Kb max_used=3933Kb free=28834Kb
 bounds [0x026c0000, 0x02a98000, 0x046c0000]
 total_blobs=1751 nmethods=1548 adapters=140
 compilation: enabled

Compilation events (10 events):
Event: 28.353 Thread 0x2502bc00 1563   !         java.security.BasicPermissionCollection::implies (195 bytes)
Event: 28.354 Thread 0x2502bc00 

Event: 28.361 Thread 0x2502bc00 1564             com.google.appengine.repackaged.org.objectweb.asm.AnnotationWriter::visitEnd (43 bytes)
Event: 28.361 Thread 0x2502bc00 nmethod 1564 0x02a970c8 code [0x02a971c0, 0x02a97290]
Event: 28.370 Thread 0x2502bc00 1565             java.util.Collections$UnmodifiableCollection$1::next (10 bytes)
Event: 28.370 Thread 0x2502bc00 nmethod 1565 0x02a97388 code [0x02a97490, 0x02a9752c]
Event: 28.378 Thread 0x2502bc00 1566             com.google.appengine.repackaged.com.google.io.protocol.ProtocolSource::hasRemaining (17 bytes)
Event: 28.378 Thread 0x2502bc00 nmethod 1566 0x02a97588 code [0x02a97680, 0x02a97710]
Event: 28.381 Thread 0x2502bc00 1567             com.google.appengine.api.datastore.DataTypeTranslator$Type::getV3Meaning (4 bytes)
Event: 28.381 Thread 0x2502bc00 nmethod 1567 0x02a97748 code [0x02a97840, 0x02a978c0]

GC Heap History (10 events):
Event: 25.482 GC heap before
{Heap before GC invocations=56 (full 2):
 def new generation   total 8960K, used 8959K [0x04800000, 0x051b0000, 0x0f2a0000)
  eden space 8000K, 100% used [0x04800000, 0x04fd0000, 0x04fd0000)
  from space 960K,  99% used [0x04fd0000, 0x050bfff8, 0x050c0000)
  to   space 960K,   0% used [0x050c0000, 0x050c0000, 0x051b0000)
 tenured generation   total 19700K, used 12907K [0x0f2a0000, 0x105dd000, 0x24800000)
   the space 19700K,  65% used [0x0f2a0000, 0x0ff3ad90, 0x0ff3ae00, 0x105dd000)
 Metaspace       used 19225K, capacity 19427K, committed 19584K, reserved 19840K
Event: 25.489 GC heap after
Heap after GC invocations=57 (full 2):
 def new generation   total 8960K, used 451K [0x04800000, 0x051b0000, 0x0f2a0000)
  eden space 8000K,   0% used [0x04800000, 0x04800000, 0x04fd0000)
  from space 960K,  47% used [0x050c0000, 0x05130f68, 0x051b0000)
  to   space 960K,   0% used [0x04fd0000, 0x04fd0000, 0x050c0000)
 tenured generation   total 19700K, used 13751K [0x0f2a0000, 0x105dd000, 0x24800000)
   the space 19700K,  69% used [0x0f2a0000, 0x1000dcb8, 0x1000de00, 0x105dd000)
 Metaspace       used 19225K, capacity 19427K, committed 19584K, reserved 19840K
}
Event: 25.722 GC heap before
{Heap before GC invocations=57 (full 2):
 def new generation   total 8960K, used 8451K [0x04800000, 0x051b0000, 0x0f2a0000)
  eden space 8000K, 100% used [0x04800000, 0x04fd0000, 0x04fd0000)
  from space 960K,  47% used [0x050c0000, 0x05130f68, 0x051b0000)
  to   space 960K,   0% used [0x04fd0000, 0x04fd0000, 0x050c0000)
 tenured generation   total 19700K, used 13751K [0x0f2a0000, 0x105dd000, 0x24800000)
   the space 19700K,  69% used [0x0f2a0000, 0x1000dcb8, 0x1000de00, 0x105dd000)
 Metaspace       used 19464K, capacity 19683K, committed 19840K, reserved 19840K
Event: 25.725 GC heap after
Heap after GC invocations=58 (full 2):
 def new generation   total 8960K, used 488K [0x04800000, 0x051b0000, 0x0f2a0000)
  eden space 8000K,   0% used [0x04800000, 0x04800000, 0x04fd0000)
  from space 960K,  50% used [0x04fd0000, 0x0504a090, 0x050c0000)
  to   space 960K,   0% used [0x050c0000, 0x050c0000, 0x051b0000)
 tenured generation   total 19700K, used 13751K [0x0f2a0000, 0x105dd000, 0x24800000)
   the space 19700K,  69% used [0x0f2a0000, 0x1000dcb8, 0x1000de00, 0x105dd000)
 Metaspace       used 19464K, capacity 19683K, committed 19840K, reserved 19840K
}
Event: 27.028 GC heap before
{Heap before GC invocations=58 (full 2):
 def new generation   total 8960K, used 8488K [0x04800000, 0x051b0000, 0x0f2a0000)
  eden space 8000K, 100% used [0x04800000, 0x04fd0000, 0x04fd0000)
  from space 960K,  50% used [0x04fd0000, 0x0504a090, 0x050c0000)
  to   space 960K,   0% used [0x050c0000, 0x050c0000, 0x051b0000)
 tenured generation   total 19700K, used 13751K [0x0f2a0000, 0x105dd000, 0x24800000)
   the space 19700K,  69% used [0x0f2a0000, 0x1000dcb8, 0x1000de00, 0x105dd000)
 Metaspace       used 19736K, capacity 19971K, committed 20096K, reserved 20864K
Event: 27.032 GC heap after
Heap after GC invocations=59 (full 2):
 def new generation   total 8960K, used 424K [0x04800000, 0x051b0000, 0x0f2a0000)
  eden space 8000K,   0% used [0x04800000, 0x04800000, 0x04fd0000)
  from space 960K,  44% used [0x050c0000, 0x0512a010, 0x051b0000)
  to   space 960K,   0% used [0x04fd0000, 0x04fd0000, 0x050c0000)
 tenured generation   total 19700K, used 13828K [0x0f2a0000, 0x105dd000, 0x24800000)
   the space 19700K,  70% used [0x0f2a0000, 0x100212f0, 0x10021400, 0x105dd000)
 Metaspace       used 19736K, capacity 19971K, committed 20096K, reserved 20864K
}
Event: 27.608 GC heap before
{Heap before GC invocations=59 (full 2):
 def new generation   total 8960K, used 8424K [0x04800000, 0x051b0000, 0x0f2a0000)
  eden space 8000K, 100% used [0x04800000, 0x04fd0000, 0x04fd0000)
  from space 960K,  44% used [0x050c0000, 0x0512a010, 0x051b0000)
  to   space 960K,   0% used [0x04fd0000, 0x04fd0000, 0x050c0000)
 tenured generation   total 19700K, used 13828K [0x0f2a0000, 0x105dd000, 0x24800000)
   the space 19700K,  70% used [0x0f2a0000, 0x100212f0, 0x10021400, 0x105dd000)
 Metaspace       used 20328K, capacity 20550K, committed 20736K, reserved 20864K
Event: 27.612 GC heap after
Heap after GC invocations=60 (full 2):
 def new generation   total 8960K, used 678K [0x04800000, 0x051b0000, 0x0f2a0000)
  eden space 8000K,   0% used [0x04800000, 0x04800000, 0x04fd0000)
  from space 960K,  70% used [0x04fd0000, 0x05079910, 0x050c0000)
  to   space 960K,   0% used [0x050c0000, 0x050c0000, 0x051b0000)
 tenured generation   total 19700K, used 13828K [0x0f2a0000, 0x105dd000, 0x24800000)
   the space 19700K,  70% used [0x0f2a0000, 0x100212f0, 0x10021400, 0x105dd000)
 Metaspace       used 20328K, capacity 20550K, committed 20736K, reserved 20864K
}
Event: 28.168 GC heap before
{Heap before GC invocations=60 (full 2):
 def new generation   total 8960K, used 8678K [0x04800000, 0x051b0000, 0x0f2a0000)
  eden space 8000K, 100% used [0x04800000, 0x04fd0000, 0x04fd0000)
  from space 960K,  70% used [0x04fd0000, 0x05079910, 0x050c0000)
  to   space 960K,   0% used [0x050c0000, 0x050c0000, 0x051b0000)
 tenured generation   total 19700K, used 13828K [0x0f2a0000, 0x105dd000, 0x24800000)
   the space 19700K,  70% used [0x0f2a0000, 0x100212f0, 0x10021400, 0x105dd000)
 Metaspace       used 20833K, capacity 21035K, committed 21120K, reserved 21888K
Event: 28.173 GC heap after
Heap after GC invocations=61 (full 2):
 def new generation   total 8960K, used 718K [0x04800000, 0x051b0000, 0x0f2a0000)
  eden space 8000K,   0% used [0x04800000, 0x04800000, 0x04fd0000)
  from space 960K,  74% used [0x050c0000, 0x05173a90, 0x051b0000)
  to   space 960K,   0% used [0x04fd0000, 0x04fd0000, 0x050c0000)
 tenured generation   total 19700K, used 14056K [0x0f2a0000, 0x105dd000, 0x24800000)
   the space 19700K,  71% used [0x0f2a0000, 0x1005a300, 0x1005a400, 0x105dd000)
 Metaspace       used 20833K, capacity 21035K, committed 21120K, reserved 21888K
}

Deoptimization events (0 events):
No events

Internal exceptions (10 events):
Event: 21.524 Thread 0x26345000 Implicit null exception at 0x029e104b to 0x029e2475
Event: 25.350 Thread 0x26685000 Exception <a 'java/io/FileNotFoundException'> (0x048c07f8) thrown at [C:\re\workspace\8-2-build-windows-i586-cygwin\jdk8u45\3627\hotspot\src\share\vm\prims\jni.cpp, line 709]
Event: 26.865 Thread 0x26685000 Exception <a 'java/io/FileNotFoundException'> (0x04ab5ba8) thrown at [C:\re\workspace\8-2-build-windows-i586-cygwin\jdk8u45\3627\hotspot\src\share\vm\prims\jni.cpp, line 709]
Event: 27.533 Thread 0x266e0400 Exception <a 'java/io/FileNotFoundException'> (0x04f7f200) thrown at [C:\re\workspace\8-2-build-windows-i586-cygwin\jdk8u45\3627\hotspot\src\share\vm\prims\jni.cpp, line 709]
Event: 27.870 Thread 0x26685000 Implicit null exception at 0x028d50aa to 0x028d54c0
Event: 27.871 Thread 0x26685000 Exception <a 'java/lang/NullPointerException'> (0x04a06580) thrown at [C:\re\workspace\8-2-build-windows-i586-cygwin\jdk8u45\3627\hotspot\src\share\vm\runtime\sharedRuntime.cpp, line 605]
Event: 27.872 Thread 0x26685000 Implicit null exception at 0x028d50aa to 0x028d54c0
Event: 27.872 Thread 0x26685000 Exception <a 'java/lang/NullPointerException'> (0x04a08bd0) thrown at [C:\re\workspace\8-2-build-windows-i586-cygwin\jdk8u45\3627\hotspot\src\share\vm\runtime\sharedRuntime.cpp, line 605]
Event: 28.015 Thread 0x26685000 Exception <a 'java/io/FileNotFoundException'> (0x04d42858) thrown at [C:\re\workspace\8-2-build-windows-i586-cygwin\jdk8u45\3627\hotspot\src\share\vm\prims\jni.cpp, line 709]
Event: 28.372 Thread 0x26685000 Exception <a 'java/io/FileNotFoundException'> (0x04d22b30) thrown at [C:\re\workspace\8-2-build-windows-i586-cygwin\jdk8u45\3627\hotspot\src\share\vm\prims\jni.cpp, line 709]

Events (10 events):
Event: 53.618 Executing VM operation: GetOrSetLocal
Event: 53.619 Executing VM operation: GetOrSetLocal done
Event: 53.648 Executing VM operation: GetOrSetLocal
Event: 53.648 Executing VM operation: GetOrSetLocal done
Event: 55.144 loading class com/google/appengine/api/datastore/dev/LocalDatastoreService$PersistDatastore$1
Event: 55.144 loading class com/google/appengine/api/datastore/dev/LocalDatastoreService$PersistDatastore$1 done
Event: 58.705 loading class java/util/IdentityHashMap$KeySet
Event: 58.705 loading class java/util/IdentityHashMap$KeySet done
Event: 58.706 loading class java/lang/Throwable$PrintStreamOrWriter
Event: 58.706 loading class java/lang/Throwable$PrintStreamOrWriter done


Dynamic libraries:
0x00fb0000 - 0x00fe3000 	C:\Program Files (x86)\Java\jre1.8.0_45\bin\javaw.exe
0x77470000 - 0x775f0000 	C:\Windows\SysWOW64\ntdll.dll
0x76f30000 - 0x77040000 	C:\Windows\syswow64\kernel32.dll
0x75de0000 - 0x75e27000 	C:\Windows\syswow64\KERNELBASE.dll
0x75250000 - 0x752f0000 	C:\Windows\syswow64\ADVAPI32.dll
0x75ce0000 - 0x75d8c000 	C:\Windows\syswow64\msvcrt.dll
0x762c0000 - 0x762d9000 	C:\Windows\SysWOW64\sechost.dll
0x75510000 - 0x75600000 	C:\Windows\syswow64\RPCRT4.dll
0x74e00000 - 0x74e60000 	C:\Windows\syswow64\SspiCli.dll
0x74df0000 - 0x74dfc000 	C:\Windows\syswow64\CRYPTBASE.dll
0x757b0000 - 0x758b0000 	C:\Windows\syswow64\USER32.dll
0x75480000 - 0x75510000 	C:\Windows\syswow64\GDI32.dll
0x74f00000 - 0x74f0a000 	C:\Windows\syswow64\LPK.dll
0x760d0000 - 0x7616d000 	C:\Windows\syswow64\USP10.dll
0x693e0000 - 0x6957e000 	C:\Windows\WinSxS\x86_microsoft.windows.common-controls_6595b64144ccf1df_6.0.7601.17514_none_41e6975e2bd6f2b2\COMCTL32.dll
0x76260000 - 0x762b7000 	C:\Windows\syswow64\SHLWAPI.dll
0x76200000 - 0x76260000 	C:\Windows\system32\IMM32.DLL
0x75e60000 - 0x75f2c000 	C:\Windows\syswow64\MSCTF.dll
0x5d9f0000 - 0x5daaf000 	C:\Program Files (x86)\Java\jre1.8.0_45\bin\msvcr100.dll
0x68380000 - 0x68740000 	C:\Program Files (x86)\Java\jre1.8.0_45\bin\client\jvm.dll
0x6fdf0000 - 0x6fdf7000 	C:\Windows\system32\WSOCK32.dll
0x75da0000 - 0x75dd5000 	C:\Windows\syswow64\WS2_32.dll
0x75220000 - 0x75226000 	C:\Windows\syswow64\NSI.dll
0x6ee20000 - 0x6ee52000 	C:\Windows\system32\WINMM.dll
0x6f420000 - 0x6f429000 	C:\Windows\system32\VERSION.dll
0x760c0000 - 0x760c5000 	C:\Windows\syswow64\PSAPI.DLL
0x6fcf0000 - 0x6fcfc000 	C:\Program Files (x86)\Java\jre1.8.0_45\bin\verify.dll
0x6fca0000 - 0x6fcc1000 	C:\Program Files (x86)\Java\jre1.8.0_45\bin\java.dll
0x6f890000 - 0x6f8b9000 	C:\Program Files (x86)\Java\jre1.8.0_45\bin\jdwp.dll
0x6ba60000 - 0x6ba67000 	C:\Program Files (x86)\Java\jre1.8.0_45\bin\npt.dll
0x6b6c0000 - 0x6b6e0000 	C:\Program Files (x86)\Java\jre1.8.0_45\bin\instrument.dll
0x6fc80000 - 0x6fc93000 	C:\Program Files (x86)\Java\jre1.8.0_45\bin\zip.dll
0x762e0000 - 0x76f2a000 	C:\Windows\syswow64\SHELL32.dll
0x75300000 - 0x7545c000 	C:\Windows\syswow64\ole32.dll
0x752f0000 - 0x752fb000 	C:\Windows\syswow64\profapi.dll
0x6b6b0000 - 0x6b6b8000 	C:\Program Files (x86)\Java\jre1.8.0_45\bin\dt_socket.dll
0x709c0000 - 0x709d0000 	C:\Windows\system32\NLAapi.dll
0x67100000 - 0x67110000 	C:\Windows\system32\napinsp.dll
0x60e60000 - 0x60e72000 	C:\Windows\system32\pnrpnsp.dll
0x6d020000 - 0x6d05c000 	C:\Windows\System32\mswsock.dll
0x6bae0000 - 0x6bb24000 	C:\Windows\system32\DNSAPI.dll
0x60e50000 - 0x60e58000 	C:\Windows\System32\winrnr.dll
0x6d0c0000 - 0x6d0cd000 	C:\Windows\system32\wshbth.dll
0x6bac0000 - 0x6badc000 	C:\Windows\system32\IPHLPAPI.DLL
0x6cd70000 - 0x6cd77000 	C:\Windows\system32\WINNSI.DLL
0x6ba70000 - 0x6baa8000 	C:\Windows\System32\fwpuclnt.dll
0x6bab0000 - 0x6bab6000 	C:\Windows\system32\rasadhlp.dll
0x6d010000 - 0x6d015000 	C:\Windows\System32\wshtcpip.dll
0x60e10000 - 0x60e30000 	C:\Program Files (x86)\Java\jre1.8.0_45\bin\sunec.dll
0x6d510000 - 0x6d527000 	C:\Windows\system32\CRYPTSP.dll
0x6d4d0000 - 0x6d50b000 	C:\Windows\system32\rsaenh.dll
0x760a0000 - 0x760b7000 	C:\Windows\syswow64\USERENV.dll
0x6ce10000 - 0x6ce25000 	C:\Program Files (x86)\Java\jre1.8.0_45\bin\net.dll
0x6cd80000 - 0x6cd86000 	C:\Windows\System32\wship6.dll
0x6ff60000 - 0x6ff72000 	C:\Windows\system32\dhcpcsvc.DLL
0x6ff50000 - 0x6ff5d000 	C:\Windows\system32\dhcpcsvc6.DLL
0x6f640000 - 0x6f64f000 	C:\Program Files (x86)\Java\jre1.8.0_45\bin\nio.dll
0x5d8a0000 - 0x5d9e5000 	C:\Program Files (x86)\Java\jre1.8.0_45\bin\awt.dll
0x74e60000 - 0x74eef000 	C:\Windows\syswow64\OLEAUT32.dll
0x6b680000 - 0x6b6a5000 	C:\Program Files (x86)\Java\jre1.8.0_45\bin\jpeg.dll
0x662e0000 - 0x663cb000 	C:\Windows\system32\dbghelp.dll

VM Arguments:
jvm_args: -agentlib:jdwp=transport=dt_socket,suspend=y,address=localhost:52029 -javaagent:C:\Software\eclipse\plugins\com.google.appengine.eclipse.sdkbundle_1.9.34\appengine-java-sdk-1.9.34\lib\agent\appengine-agent.jar -Ddatastore.default_high_rep_job_policy_unapplied_job_pct=50 -Xmx512m -Dfile.encoding=Cp1252 
java_command: com.google.appengine.tools.development.DevAppServerMain --port=8888 C:\Users\Profiliant\git\best-qualified\war
java_class_path (initial): C:\Users\Profiliant\git\best-qualified\war\WEB-INF\classes;C:\Software\eclipse\plugins\com.google.appengine.eclipse.sdkbundle_1.9.34\appengine-java-sdk-1.9.34\lib\shared\appengine-local-runtime-shared.jar;C:\Software\eclipse\plugins\com.google.appengine.eclipse.sdkbundle_1.9.34\appengine-java-sdk-1.9.34\lib\shared\el-api.jar;C:\Software\eclipse\plugins\com.google.appengine.eclipse.sdkbundle_1.9.34\appengine-java-sdk-1.9.34\lib\shared\jsp\repackaged-appengine-ant-1.7.1.jar;C:\Software\eclipse\plugins\com.google.appengine.eclipse.sdkbundle_1.9.34\appengine-java-sdk-1.9.34\lib\shared\jsp\repackaged-appengine-ant-launcher-1.7.1.jar;C:\Software\eclipse\plugins\com.google.appengine.eclipse.sdkbundle_1.9.34\appengine-java-sdk-1.9.34\lib\shared\jsp\repackaged-appengine-jasper-6.0.29.jar;C:\Software\eclipse\plugins\com.google.appengine.eclipse.sdkbundle_1.9.34\appengine-java-sdk-1.9.34\lib\shared\jsp\repackaged-appengine-jasper-el-6.0.29.jar;C:\Software\eclipse\plugins\com.google.appengine.eclipse.sdkbundle_1.9.34\appengine-java-sdk-1.9.34\lib\shared\jsp\repackaged-appengine-tomcat-juli-6.0.29.jar;C:\Software\eclipse\plugins\com.google.appengine.eclipse.sdkbundle_1.9.34\appengine-java-sdk-1.9.34\lib\shared\jsp-api.jar;C:\Software\eclipse\plugins\com.google.appengine.eclipse.sdkbundle_1.9.34\appengine-java-sdk-1.9.34\lib\shared\servlet-api.jar;C:\Software\eclipse\plugins\com.google.appengine.eclipse.sdkbundle_1.9.34\appengine-java-sdk-1.9.34\lib\appengine-tools-api.jar;C:\Software\eclipse\plugins\com.google.appengine.eclipse.sdkbundle_1.9.34\appengine-java-sdk-1.9.34\lib\opt\user\appengine-api-labs\v1\appengine-api-labs.jar;C:\Software\eclipse\plugins\com.google.appengine.eclipse.sdkbundle_1.9.34\appengine-java-sdk-1.9.34\lib\opt\user\appengine-endpoints\v1\appengine-endpoints-deps.jar;C:\Software\eclipse\plugins\com.google.appengine.eclipse.sdkbundle_1.9.34\appengine-java-sdk-1.9.34\lib\opt\user\appengine-endpoints\v1\appengine-endpoints.jar;C:\S
Launcher Type: SUN_STANDARD

Environment Variables:
PATH=C:/Program Files (x86)/Java/jre1.8.0_45/bin/client;C:/Program Files (x86)/Java/jre1.8.0_45/bin;C:/Program Files (x86)/Java/jre1.8.0_45/lib/i386;C:\ProgramData\Oracle\Java\javapath;C:\Program Files\Broadcom\Broadcom 802.11 Network Adapter\Driver;C:\Windows\system32;C:\Windows;C:\Windows\System32\Wbem;C:\Windows\System32\WindowsPowerShell\v1.0\;C:\Program Files\Lenovo\Bluetooth Software\;C:\Program Files\Lenovo\Bluetooth Software\syswow64;C:\Program Files (x86)\ATI Technologies\ATI.ACE\Core-Static;C:\Program Files (x86)\Common Files\Lenovo;C:\Program Files (x86)\Common Files\lenovo\easyplussdk\bin;C:\ProgramData\Lenovo\ReadyApps;C:\Program Files (x86)\Skype\Phone\;C:\Program Files\Git\cmd;C:\Software\eclipse;
USERNAME=Profiliant
OS=Windows_NT
PROCESSOR_IDENTIFIER=AMD64 Family 22 Model 48 Stepping 1, AuthenticAMD



---------------  S Y S T E M  ---------------

OS: Windows 7 , 64 bit Build 7601 (6.1.7601.22843)

CPU:total 4 (4 cores per cpu, 1 threads per core) family 22 model 48 stepping 1, cmov, cx8, fxsr, mmx, sse, sse2, sse3, ssse3, sse4.1, sse4.2, popcnt, avx, aes, clmul, mmxext, 3dnowpref, lzcnt, sse4a, tsc, tscinvbit, tscinv, bmi1

Memory: 4k page, physical 3595188k(964356k free), swap 7188516k(1992284k free)

vm_info: Java HotSpot(TM) Client VM (25.45-b02) for windows-x86 JRE (1.8.0_45-b15), built on Apr 30 2015 12:31:00 by "java_re" with MS VC++ 10.0 (VS2010)

time: Fri Jul 01 13:38:47 2016
elapsed time: 59 seconds (0d 0h 0m 59s)

