#
# A fatal error has been detected by the Java Runtime Environment:
#
#  Internal Error (constantTag.cpp:59), pid=2892, tid=4112
#  Error: ShouldNotReachHere()
#
# JRE version: 7.0_25-b17
# Java VM: Java HotSpot(TM) Client VM (23.25-b01 mixed mode windows-x86 )
# Failed to write core dump. Minidumps are not enabled by default on client versions of Windows
#
# If you would like to submit a bug report, please visit:
#   http://bugreport.sun.com/bugreport/crash.jsp
#

---------------  T H R E A D  ---------------

Current thread (0x0317b800):  VMThread [stack: 0x293e0000,0x29430000] [id=4112]

Stack: [0x293e0000,0x29430000],  sp=0x2942efe0,  free space=315k
Native frames: (J=compiled Java code, j=interpreted, Vv=VM code, C=native code)
V  [jvm.dll+0x167e31]
V  [jvm.dll+0x162174]
V  [jvm.dll+0x161e23]
V  [jvm.dll+0x7e9eb]
V  [jvm.dll+0x7f0bb]
V  [jvm.dll+0x8009c]
V  [jvm.dll+0x80232]
V  [jvm.dll+0x56829]
V  [jvm.dll+0x56bcc]
V  [jvm.dll+0x56f2c]
V  [jvm.dll+0x80a66]
V  [jvm.dll+0x994a7]
V  [jvm.dll+0x1453bf]
V  [jvm.dll+0xef595]
V  [jvm.dll+0x149235]
V  [jvm.dll+0x1483ae]
V  [jvm.dll+0x148737]
V  [jvm.dll+0x148c02]
V  [jvm.dll+0x177bb9]
C  [msvcr100.dll+0x5c6de]  endthreadex+0x3a
C  [msvcr100.dll+0x5c788]  endthreadex+0xe4
C  [KERNEL32.DLL+0x138f4]  BaseThreadInitThunk+0x24
C  [ntdll.dll+0x65de3]  RtlUnicodeStringToInteger+0x253
C  [ntdll.dll+0x65dae]  RtlUnicodeStringToInteger+0x21e

VM_Operation (0x2990f56c): GetOrSetLocal, mode: safepoint, requested by thread 0x2959d800


---------------  P R O C E S S  ---------------

Java Threads: ( => current thread )
  0x2a323400 JavaThread "1187779@qtp-1016393-58" [_thread_blocked, id=16832, stack(0x015f0000,0x01640000)]
  0x2aa46c00 JavaThread "Timer-1" daemon [_thread_blocked, id=5864, stack(0x2adb0000,0x2ae00000)]
  0x29f7f400 JavaThread "Timer-0" daemon [_thread_blocked, id=9088, stack(0x2ad20000,0x2ad70000)]
  0x2a561800 JavaThread "16973367@qtp-1016393-0 - Acceptor0 SelectChannelConnector@127.0.0.1:8888" [_thread_in_native, id=11124, stack(0x2ac00000,0x2ac50000)]
  0x2972b400 JavaThread "Service Thread" daemon [_thread_blocked, id=13000, stack(0x29e50000,0x29ea0000)]
  0x296f6c00 JavaThread "C1 CompilerThread0" daemon [_thread_blocked, id=9680, stack(0x29dc0000,0x29e10000)]
  0x295a7c00 JavaThread "JDWP Command Reader" daemon [_thread_in_native, id=9288, stack(0x29d30000,0x29d80000)]
  0x295a2c00 JavaThread "JDWP Event Helper Thread" daemon [_thread_blocked, id=9788, stack(0x29950000,0x299a0000)]
  0x2959d800 JavaThread "JDWP Transport Listener: dt_socket" daemon [_thread_blocked, id=11888, stack(0x298c0000,0x29910000)]
  0x29597800 JavaThread "Attach Listener" daemon [_thread_blocked, id=11240, stack(0x29820000,0x29870000)]
  0x29595400 JavaThread "Signal Dispatcher" daemon [_thread_blocked, id=4360, stack(0x29790000,0x297e0000)]
  0x03185c00 JavaThread "Finalizer" daemon [_thread_blocked, id=3260, stack(0x29500000,0x29550000)]
  0x03181000 JavaThread "Reference Handler" daemon [_thread_blocked, id=6408, stack(0x29470000,0x294c0000)]
  0x015dcc00 JavaThread "main" [_thread_blocked, id=6380, stack(0x02ea0000,0x02ef0000)]

Other Threads:
=>0x0317b800 VMThread [stack: 0x293e0000,0x29430000] [id=4112]
  0x2972c400 WatcherThread [stack: 0x29ee0000,0x29f30000] [id=6352]

VM state:at safepoint (normal execution)

VM Mutex/Monitor currently owned by a thread:  ([mutex/lock_event])
[0x015daf00] Threads_lock - owner thread: 0x0317b800

Heap
 def new generation   total 11648K, used 1769K [0x05190000, 0x05e30000, 0x0fc30000)
  eden space 10368K,  12% used [0x05190000, 0x052d3150, 0x05bb0000)
  from space 1280K,  37% used [0x05cf0000, 0x05d67680, 0x05e30000)
  to   space 1280K,   0% used [0x05bb0000, 0x05bb0000, 0x05cf0000)
 tenured generation   total 25704K, used 19802K [0x0fc30000, 0x1154a000, 0x25190000)
   the space 25704K,  77% used [0x0fc30000, 0x10f869c0, 0x10f86a00, 0x1154a000)
 compacting perm gen  total 21504K, used 21366K [0x25190000, 0x26690000, 0x29190000)
   the space 21504K,  99% used [0x25190000, 0x2666d9d0, 0x2666da00, 0x26690000)
No shared spaces configured.

Card table byte_map: [0x29190000,0x292c0000] byte_map_base: 0x29167380

Polling page: 0x01700000

Code Cache  [0x03190000, 0x03798000, 0x05190000)
 total_blobs=2495 nmethods=2325 adapters=112 free_code_cache=26601Kb largest_free_block=27238144

Compilation events (10 events):
Event: 5814.134 Thread 0x296f6c00 2332             com.sun.xml.internal.stream.XMLEntityStorage::isUnparsedEntity (23 bytes)
Event: 5814.134 Thread 0x296f6c00 nmethod 2332 0x03792808 code [0x03792920, 0x03792a28]
Event: 5814.134 Thread 0x296f6c00 2333             com.sun.org.apache.xerces.internal.impl.XMLDocumentFragmentScannerImpl::handleCharacter (76 bytes)
Event: 5814.135 Thread 0x296f6c00 nmethod 2333 0x03792ac8 code [0x03792bf0, 0x03792d94]
Event: 5835.592 Thread 0x296f6c00 2334             com.sun.org.apache.xerces.internal.impl.XMLDocumentScannerImpl::getFeatureDefault (40 bytes)
Event: 5835.592 Thread 0x296f6c00 nmethod 2334 0x03792f08 code [0x03793030, 0x03793188]
Event: 5835.593 Thread 0x296f6c00 2335             com.sun.org.apache.xerces.internal.util.XMLAttributesImpl::addAttribute (623 bytes)
Event: 5835.597 Thread 0x296f6c00 nmethod 2335 0x03793348 code [0x037935a0, 0x037947e4]
Event: 5835.598 Thread 0x296f6c00 2336             java.util.Arrays::fill (21 bytes)
Event: 5835.599 Thread 0x296f6c00 nmethod 2336 0x03795ec8 code [0x03795fc0, 0x03796060]

GC Heap History (10 events):
Event: 4997.857 GC heap before
{Heap before GC invocations=111 (full 5):
 def new generation   total 11648K, used 11160K [0x05190000, 0x05e30000, 0x0fc30000)
  eden space 10368K,  99% used [0x05190000, 0x05ba1d20, 0x05bb0000)
  from space 1280K,  66% used [0x05bb0000, 0x05c84450, 0x05cf0000)
  to   space 1280K,   0% used [0x05cf0000, 0x05cf0000, 0x05e30000)
 tenured generation   total 25704K, used 17825K [0x0fc30000, 0x1154a000, 0x25190000)
   the space 25704K,  69% used [0x0fc30000, 0x10d98598, 0x10d98600, 0x1154a000)
 compacting perm gen  total 20736K, used 20537K [0x25190000, 0x265d0000, 0x29190000)
   the space 20736K,  99% used [0x25190000, 0x2659e620, 0x2659e800, 0x265d0000)
No shared spaces configured.
Event: 4997.860 GC heap after
Heap after GC invocations=112 (full 5):
 def new generation   total 11648K, used 373K [0x05190000, 0x05e30000, 0x0fc30000)
  eden space 10368K,   0% used [0x05190000, 0x05190000, 0x05bb0000)
  from space 1280K,  29% used [0x05cf0000, 0x05d4d710, 0x05e30000)
  to   space 1280K,   0% used [0x05bb0000, 0x05bb0000, 0x05cf0000)
 tenured generation   total 25704K, used 18610K [0x0fc30000, 0x1154a000, 0x25190000)
   the space 25704K,  72% used [0x0fc30000, 0x10e5cb90, 0x10e5cc00, 0x1154a000)
 compacting perm gen  total 20736K, used 20537K [0x25190000, 0x265d0000, 0x29190000)
   the space 20736K,  99% used [0x25190000, 0x2659e620, 0x2659e800, 0x265d0000)
No shared spaces configured.
}
Event: 4998.345 GC heap before
{Heap before GC invocations=112 (full 5):
 def new generation   total 11648K, used 10741K [0x05190000, 0x05e30000, 0x0fc30000)
  eden space 10368K, 100% used [0x05190000, 0x05bb0000, 0x05bb0000)
  from space 1280K,  29% used [0x05cf0000, 0x05d4d710, 0x05e30000)
  to   space 1280K,   0% used [0x05bb0000, 0x05bb0000, 0x05cf0000)
 tenured generation   total 25704K, used 18610K [0x0fc30000, 0x1154a000, 0x25190000)
   the space 25704K,  72% used [0x0fc30000, 0x10e5cb90, 0x10e5cc00, 0x1154a000)
 compacting perm gen  total 20736K, used 20537K [0x25190000, 0x265d0000, 0x29190000)
   the space 20736K,  99% used [0x25190000, 0x2659e620, 0x2659e800, 0x265d0000)
No shared spaces configured.
Event: 4998.351 GC heap after
Heap after GC invocations=113 (full 5):
 def new generation   total 11648K, used 1280K [0x05190000, 0x05e30000, 0x0fc30000)
  eden space 10368K,   0% used [0x05190000, 0x05190000, 0x05bb0000)
  from space 1280K, 100% used [0x05bb0000, 0x05cf0000, 0x05cf0000)
  to   space 1280K,   0% used [0x05cf0000, 0x05cf0000, 0x05e30000)
 tenured generation   total 25704K, used 18707K [0x0fc30000, 0x1154a000, 0x25190000)
   the space 25704K,  72% used [0x0fc30000, 0x10e74f48, 0x10e75000, 0x1154a000)
 compacting perm gen  total 20736K, used 20537K [0x25190000, 0x265d0000, 0x29190000)
   the space 20736K,  99% used [0x25190000, 0x2659e620, 0x2659e800, 0x265d0000)
No shared spaces configured.
}
Event: 5481.579 GC heap before
{Heap before GC invocations=113 (full 5):
 def new generation   total 11648K, used 11595K [0x05190000, 0x05e30000, 0x0fc30000)
  eden space 10368K,  99% used [0x05190000, 0x05ba2d58, 0x05bb0000)
  from space 1280K, 100% used [0x05bb0000, 0x05cf0000, 0x05cf0000)
  to   space 1280K,   0% used [0x05cf0000, 0x05cf0000, 0x05e30000)
 tenured generation   total 25704K, used 18707K [0x0fc30000, 0x1154a000, 0x25190000)
   the space 25704K,  72% used [0x0fc30000, 0x10e74f48, 0x10e75000, 0x1154a000)
 compacting perm gen  total 20736K, used 20714K [0x25190000, 0x265d0000, 0x29190000)
   the space 20736K,  99% used [0x25190000, 0x265cab50, 0x265cac00, 0x265d0000)
No shared spaces configured.
Event: 5481.585 GC heap after
Heap after GC invocations=114 (full 5):
 def new generation   total 11648K, used 1049K [0x05190000, 0x05e30000, 0x0fc30000)
  eden space 10368K,   0% used [0x05190000, 0x05190000, 0x05bb0000)
  from space 1280K,  82% used [0x05cf0000, 0x05df66b8, 0x05e30000)
  to   space 1280K,   0% used [0x05bb0000, 0x05bb0000, 0x05cf0000)
 tenured generation   total 25704K, used 19055K [0x0fc30000, 0x1154a000, 0x25190000)
   the space 25704K,  74% used [0x0fc30000, 0x10ecbe30, 0x10ecc000, 0x1154a000)
 compacting perm gen  total 20736K, used 20714K [0x25190000, 0x265d0000, 0x29190000)
   the space 20736K,  99% used [0x25190000, 0x265cab50, 0x265cac00, 0x265d0000)
No shared spaces configured.
}
Event: 5669.890 GC heap before
{Heap before GC invocations=114 (full 5):
 def new generation   total 11648K, used 11417K [0x05190000, 0x05e30000, 0x0fc30000)
  eden space 10368K, 100% used [0x05190000, 0x05bb0000, 0x05bb0000)
  from space 1280K,  82% used [0x05cf0000, 0x05df66b8, 0x05e30000)
  to   space 1280K,   0% used [0x05bb0000, 0x05bb0000, 0x05cf0000)
 tenured generation   total 25704K, used 19055K [0x0fc30000, 0x1154a000, 0x25190000)
   the space 25704K,  74% used [0x0fc30000, 0x10ecbe30, 0x10ecc000, 0x1154a000)
 compacting perm gen  total 20992K, used 20983K [0x25190000, 0x26610000, 0x29190000)
   the space 20992K,  99% used [0x25190000, 0x2660ddb0, 0x2660de00, 0x26610000)
No shared spaces configured.
Event: 5669.895 GC heap after
Heap after GC invocations=115 (full 5):
 def new generation   total 11648K, used 583K [0x05190000, 0x05e30000, 0x0fc30000)
  eden space 10368K,   0% used [0x05190000, 0x05190000, 0x05bb0000)
  from space 1280K,  45% used [0x05bb0000, 0x05c41c60, 0x05cf0000)
  to   space 1280K,   0% used [0x05cf0000, 0x05cf0000, 0x05e30000)
 tenured generation   total 25704K, used 19802K [0x0fc30000, 0x1154a000, 0x25190000)
   the space 25704K,  77% used [0x0fc30000, 0x10f869c0, 0x10f86a00, 0x1154a000)
 compacting perm gen  total 20992K, used 20983K [0x25190000, 0x26610000, 0x29190000)
   the space 20992K,  99% used [0x25190000, 0x2660ddb0, 0x2660de00, 0x26610000)
No shared spaces configured.
}
Event: 5848.720 GC heap before
{Heap before GC invocations=115 (full 5):
 def new generation   total 11648K, used 10951K [0x05190000, 0x05e30000, 0x0fc30000)
  eden space 10368K, 100% used [0x05190000, 0x05bb0000, 0x05bb0000)
  from space 1280K,  45% used [0x05bb0000, 0x05c41c60, 0x05cf0000)
  to   space 1280K,   0% used [0x05cf0000, 0x05cf0000, 0x05e30000)
 tenured generation   total 25704K, used 19802K [0x0fc30000, 0x1154a000, 0x25190000)
   the space 25704K,  77% used [0x0fc30000, 0x10f869c0, 0x10f86a00, 0x1154a000)
 compacting perm gen  total 21504K, used 21248K [0x25190000, 0x26690000, 0x29190000)
   the space 21504K,  98% used [0x25190000, 0x26650118, 0x26650200, 0x26690000)
No shared spaces configured.
Event: 5848.724 GC heap after
Heap after GC invocations=116 (full 5):
 def new generation   total 11648K, used 477K [0x05190000, 0x05e30000, 0x0fc30000)
  eden space 10368K,   0% used [0x05190000, 0x05190000, 0x05bb0000)
  from space 1280K,  37% used [0x05cf0000, 0x05d67680, 0x05e30000)
  to   space 1280K,   0% used [0x05bb0000, 0x05bb0000, 0x05cf0000)
 tenured generation   total 25704K, used 19802K [0x0fc30000, 0x1154a000, 0x25190000)
   the space 25704K,  77% used [0x0fc30000, 0x10f869c0, 0x10f86a00, 0x1154a000)
 compacting perm gen  total 21504K, used 21248K [0x25190000, 0x26690000, 0x29190000)
   the space 21504K,  98% used [0x25190000, 0x26650118, 0x26650200, 0x26690000)
No shared spaces configured.
}

Deoptimization events (0 events):
No events

Internal exceptions (10 events):
Event: 4476.639 Thread 0x2a324800 Threw 0x056d28c8 at C:\jdk7u2_32P\jdk7u25\hotspot\src\share\vm\runtime\sharedRuntime.cpp:613
Event: 4476.659 Thread 0x2a324800 Threw 0x058fbfe8 at C:\jdk7u2_32P\jdk7u25\hotspot\src\share\vm\runtime\sharedRuntime.cpp:613
Event: 4570.813 Thread 0x2a325800 Threw 0x059d8eb8 at C:\jdk7u2_32P\jdk7u25\hotspot\src\share\vm\runtime\sharedRuntime.cpp:613
Event: 4919.318 Thread 0x2a324800 Threw 0x051bc0b8 at C:\jdk7u2_32P\jdk7u25\hotspot\src\share\vm\runtime\sharedRuntime.cpp:613
Event: 4997.903 Thread 0x2a324c00 Threw 0x0549c2f8 at C:\jdk7u2_32P\jdk7u25\hotspot\src\share\vm\runtime\sharedRuntime.cpp:613
Event: 5669.889 Thread 0x2a324c00 Threw 0x05b968e8 at C:\jdk7u2_32P\jdk7u25\hotspot\src\share\vm\interpreter\linkResolver.cpp:891
Event: 5848.717 Thread 0x2a323400 Implicit null exception at 0x035609de to 0x03561dda
Event: 5848.717 Thread 0x2a323400 Threw 0x05b85610 at C:\jdk7u2_32P\jdk7u25\hotspot\src\share\vm\runtime\sharedRuntime.cpp:613
Event: 5855.178 Thread 0x2a323400 Implicit null exception at 0x035609de to 0x03561dda
Event: 5855.178 Thread 0x2a323400 Threw 0x051cce58 at C:\jdk7u2_32P\jdk7u25\hotspot\src\share\vm\runtime\sharedRuntime.cpp:613

Events (10 events):
Event: 5942.320 Executing nested VM operation: Deoptimize
Event: 5942.321 Executing nested VM operation: Deoptimize done
Event: 5942.321 Executing VM operation: EnterInterpOnlyMode done
Event: 5942.321 Executing VM operation: GetCurrentLocation
Event: 5942.321 Executing VM operation: GetCurrentLocation done
Event: 5942.321 Executing VM operation: ChangeSingleStep
Event: 5942.321 Executing VM operation: ChangeSingleStep done
Event: 5942.322 Executing VM operation: ChangeSingleStep
Event: 5942.322 Executing VM operation: ChangeSingleStep done
Event: 5942.592 Executing VM operation: GetOrSetLocal


Dynamic libraries:
0x01170000 - 0x0119f000 	C:\Program Files (x86)\Java\jdk1.7.0_25\bin\javaw.exe
0x777a0000 - 0x7791b000 	C:\WINDOWS\SYSTEM32\ntdll.dll
0x748b0000 - 0x74990000 	C:\WINDOWS\SYSTEM32\KERNEL32.DLL
0x75250000 - 0x753ce000 	C:\WINDOWS\SYSTEM32\KERNELBASE.dll
0x74f60000 - 0x74fdb000 	C:\WINDOWS\SYSTEM32\ADVAPI32.dll
0x74b60000 - 0x74c1e000 	C:\WINDOWS\SYSTEM32\msvcrt.dll
0x751a0000 - 0x751e4000 	C:\WINDOWS\SYSTEM32\sechost.dll
0x74e10000 - 0x74ebd000 	C:\WINDOWS\SYSTEM32\RPCRT4.dll
0x744d0000 - 0x744ee000 	C:\WINDOWS\SYSTEM32\SspiCli.dll
0x744c0000 - 0x744ca000 	C:\WINDOWS\SYSTEM32\CRYPTBASE.dll
0x751f0000 - 0x75248000 	C:\WINDOWS\SYSTEM32\bcryptPrimitives.dll
0x77650000 - 0x77797000 	C:\WINDOWS\SYSTEM32\USER32.dll
0x75a80000 - 0x75bcf000 	C:\WINDOWS\SYSTEM32\GDI32.dll
0x6bd10000 - 0x6bf1f000 	C:\WINDOWS\WinSxS\x86_microsoft.windows.common-controls_6595b64144ccf1df_6.0.10586.494_none_ea85e725b9ba5a4b\COMCTL32.dll
0x749a0000 - 0x74b5d000 	C:\WINDOWS\SYSTEM32\combase.dll
0x74700000 - 0x7472b000 	C:\WINDOWS\SYSTEM32\IMM32.DLL
0x67130000 - 0x671ee000 	C:\Program Files (x86)\Java\jdk1.7.0_25\jre\bin\msvcr100.dll
0x61360000 - 0x616a2000 	C:\Program Files (x86)\Java\jdk1.7.0_25\jre\bin\client\jvm.dll
0x74c30000 - 0x74c36000 	C:\WINDOWS\SYSTEM32\PSAPI.DLL
0x6e7a0000 - 0x6e7a8000 	C:\WINDOWS\SYSTEM32\WSOCK32.dll
0x6e840000 - 0x6e864000 	C:\WINDOWS\SYSTEM32\WINMM.dll
0x74850000 - 0x748af000 	C:\WINDOWS\SYSTEM32\WS2_32.dll
0x016d0000 - 0x016f3000 	C:\WINDOWS\SYSTEM32\WINMMBASE.dll
0x74dd0000 - 0x74e07000 	C:\WINDOWS\SYSTEM32\cfgmgr32.dll
0x676a0000 - 0x676ac000 	C:\Program Files (x86)\Java\jdk1.7.0_25\jre\bin\verify.dll
0x67680000 - 0x676a0000 	C:\Program Files (x86)\Java\jdk1.7.0_25\jre\bin\java.dll
0x6adf0000 - 0x6ae1a000 	C:\Program Files (x86)\Java\jdk1.7.0_25\jre\bin\jdwp.dll
0x6ade0000 - 0x6ade7000 	C:\Program Files (x86)\Java\jdk1.7.0_25\jre\bin\npt.dll
0x6ac30000 - 0x6ac50000 	C:\Program Files (x86)\Java\jdk1.7.0_25\jre\bin\instrument.dll
0x67660000 - 0x67673000 	C:\Program Files (x86)\Java\jdk1.7.0_25\jre\bin\zip.dll
0x6ac20000 - 0x6ac28000 	C:\Program Files (x86)\Java\jdk1.7.0_25\jre\bin\dt_socket.dll
0x70300000 - 0x70312000 	C:\WINDOWS\system32\napinsp.dll
0x702e0000 - 0x702f6000 	C:\WINDOWS\system32\pnrpnsp.dll
0x702c0000 - 0x702d4000 	C:\WINDOWS\system32\NLAapi.dll
0x73510000 - 0x7355f000 	C:\WINDOWS\System32\mswsock.dll
0x733d0000 - 0x73454000 	C:\WINDOWS\SYSTEM32\DNSAPI.dll
0x74ec0000 - 0x74ec7000 	C:\WINDOWS\SYSTEM32\NSI.dll
0x702b0000 - 0x702bb000 	C:\WINDOWS\System32\winrnr.dll
0x70290000 - 0x702a1000 	C:\WINDOWS\System32\wshbth.dll
0x733a0000 - 0x733c1000 	C:\Program Files (x86)\Bonjour\mdnsNSP.dll
0x735d0000 - 0x735ff000 	C:\WINDOWS\SYSTEM32\Iphlpapi.DLL
0x72dc0000 - 0x72e07000 	C:\WINDOWS\System32\fwpuclnt.dll
0x736a0000 - 0x736bb000 	C:\WINDOWS\SYSTEM32\bcrypt.dll
0x73390000 - 0x73398000 	C:\Windows\System32\rasadhlp.dll
0x66ff0000 - 0x67004000 	C:\Program Files (x86)\Java\jdk1.7.0_25\jre\bin\net.dll
0x5d0c0000 - 0x5d0cf000 	C:\Program Files (x86)\Java\jdk1.7.0_25\jre\bin\nio.dll
0x5d5d0000 - 0x5d5f0000 	C:\Program Files (x86)\Java\jdk1.7.0_25\jre\bin\sunec.dll
0x5d5c0000 - 0x5d5c9000 	C:\Program Files (x86)\Java\jdk1.7.0_25\jre\bin\sunmscapi.dll
0x75c70000 - 0x75de9000 	C:\WINDOWS\SYSTEM32\CRYPT32.dll
0x74c20000 - 0x74c2e000 	C:\WINDOWS\SYSTEM32\MSASN1.dll
0x70350000 - 0x70363000 	C:\WINDOWS\SYSTEM32\CRYPTSP.dll
0x70320000 - 0x7034f000 	C:\WINDOWS\system32\rsaenh.dll
0x742e0000 - 0x742f9000 	C:\WINDOWS\SYSTEM32\USERENV.dll
0x74990000 - 0x7499f000 	C:\WINDOWS\SYSTEM32\profapi.dll
0x730d0000 - 0x7320f000 	C:\WINDOWS\SYSTEM32\dbghelp.dll

VM Arguments:
jvm_args: -agentlib:jdwp=transport=dt_socket,suspend=y,address=localhost:63547 -Ddatastore.default_high_rep_job_policy_unapplied_job_pct=50 -Xmx512m -javaagent:C:\Users\WebDev\Downloads\appengine-java-sdk-1.9.38\lib\agent\appengine-agent.jar -Dfile.encoding=Cp1252 
java_command: com.google.appengine.tools.development.DevAppServerMain --port=8888 C:\Users\WebDev\sm\best-qualified001\war
Launcher Type: SUN_STANDARD

Environment Variables:
JAVA_HOME=C:\Program Files (x86)\Java\jdk1.7.0_25
PATH=C:\Program Files (x86)\Java\jdk1.7.0_25\jre\bin;C:\Program Files (x86)\Java\jdk1.7.0_25\bin;C:\Program Files (x86)\Intel\TXE Components\TCS\;C:\Program Files\Intel\TXE Components\TCS\;C:\WINDOWS\system32;C:\WINDOWS;C:\WINDOWS\System32\Wbem;C:\WINDOWS\System32\WindowsPowerShell\v1.0\;C:\Program Files\Hewlett-Packard\SimplePass\;C:\Program Files (x86)\Java\jdk1.7.0_25/bin;C:\Program Files (x86)\Skype\Phone\;C:\Program Files\Git\cmd;;C:\Users\WebDev\AppData\Local\Google\Cloud SDK\google-cloud-sdk\bin
USERNAME=WebDev
OS=Windows_NT
PROCESSOR_IDENTIFIER=Intel64 Family 6 Model 55 Stepping 8, GenuineIntel



---------------  S Y S T E M  ---------------

OS: Windows 8 , 64 bit Build 9200 

CPU:total 4 (4 cores per cpu, 1 threads per core) family 6 model 55 stepping 8, cmov, cx8, fxsr, mmx, sse, sse2, sse3, ssse3, sse4.1, sse4.2, popcnt, tsc, tscinvbit

Memory: 4k page, physical 4077840k(756080k free), swap 6699280k(1945304k free)

vm_info: Java HotSpot(TM) Client VM (23.25-b01) for windows-x86 JRE (1.7.0_25-b17), built on Jun 21 2013 13:06:48 by "java_re" with unknown MS VC++:1600

time: Wed Jul 20 16:07:08 2016
elapsed time: 5942 seconds

