#
# A fatal error has been detected by the Java Runtime Environment:
#
#  EXCEPTION_ACCESS_VIOLATION (0xc0000005) at pc=0x63a4dc8b, pid=25536, tid=29848
#
# JRE version: 7.0_25-b17
# Java VM: Java HotSpot(TM) Client VM (23.25-b01 mixed mode windows-x86 )
# Problematic frame:
# V  [jvm.dll+0xbdc8b]
#
# Failed to write core dump. Minidumps are not enabled by default on client versions of Windows
#
# If you would like to submit a bug report, please visit:
#   http://bugreport.sun.com/bugreport/crash.jsp
#

---------------  T H R E A D  ---------------

Current thread (0x28afdc00):  JavaThread "JDWP Transport Listener: dt_socket" daemon [_thread_in_vm, id=29848, stack(0x00cb0000,0x00d00000)]

siginfo: ExceptionCode=0xc0000005, reading address 0x6f003b6d

Registers:
EAX=0x6f003b6d, EBX=0x00000000, ECX=0x6f003b6d, EDX=0x00000000
ESP=0x00cff4bc, EBP=0x00cff4c0, ESI=0x28afdc00, EDI=0x00f69178
EIP=0x63a4dc8b, EFLAGS=0x00010202

Top of Stack: (sp=0x00cff4bc)
0x00cff4bc:   28afdc00 00cff4ec 63b6e5ea 6f003b6d
0x00cff4cc:   00cff5a4 00cff527 28afdc00 00000000
0x00cff4dc:   00000000 00000000 28afdc00 28afdc00
0x00cff4ec:   00cff528 6bff9d5c 00f69178 6f003b6d
0x00cff4fc:   00cff527 6f003b6d 6bfe436d 6f003b6d
0x00cff50c:   00cff527 00000027 00000000 00000000
0x00cff51c:   00000009 00000000 00a81bac 00cff548
0x00cff52c:   6bfe44e0 00000001 00cff564 00cff5a0 

Instructions: (pc=0x63a4dc8b)
0x63a4dc6b:   0c 5f 5e 5d c2 0c 00 cc cc cc cc cc cc cc cc cc
0x63a4dc7b:   cc cc cc cc cc 55 8b ec 8b 45 08 56 85 c0 74 28
0x63a4dc8b:   8b 30 85 f6 74 22 81 fe fe fe fe fe 74 1a 8b 4e
0x63a4dc9b:   04 8b 41 08 8b 90 90 00 00 00 83 c1 08 ff d2 84 


Register to memory mapping:

EAX=0x6f003b6d is an unknown value
EBX=0x00000000 is an unknown value
ECX=0x6f003b6d is an unknown value
EDX=0x00000000 is an unknown value
ESP=0x00cff4bc is pointing into the stack for thread: 0x28afdc00
EBP=0x00cff4c0 is pointing into the stack for thread: 0x28afdc00
ESI=0x28afdc00 is a thread
EDI=0x00f69178 is an unknown value


Stack: [0x00cb0000,0x00d00000],  sp=0x00cff4bc,  free space=317k
Native frames: (J=compiled Java code, j=interpreted, Vv=VM code, C=native code)
V  [jvm.dll+0xbdc8b]
V  [jvm.dll+0x1de5ea]
C  [jdwp.dll+0x19d5c]  Agent_OnLoad+0xe9ef
C  [jdwp.dll+0x44e0]
C  [jdwp.dll+0x451e]


---------------  P R O C E S S  ---------------

Java Threads: ( => current thread )
  0x2a0b5000 JavaThread "10583380@qtp-14741882-19" [_thread_blocked, id=27572, stack(0x29d60000,0x29db0000)]
  0x2a0b3800 JavaThread "4777814@qtp-14741882-18" [_thread_blocked, id=15348, stack(0x29440000,0x29490000)]
  0x2a0b3000 JavaThread "11762406@qtp-14741882-17" [_thread_blocked, id=13936, stack(0x00150000,0x001a0000)]
  0x2a0ba800 JavaThread "18034209@qtp-14741882-16" [_thread_blocked, id=5980, stack(0x008b0000,0x00900000)]
  0x2a0ba400 JavaThread "pool-2-thread-7" daemon [_thread_blocked, id=27228, stack(0x004c0000,0x00510000)]
  0x29936c00 JavaThread "Thread-12" daemon [_thread_blocked, id=15352, stack(0x2b2d0000,0x2b320000)]
  0x29938800 JavaThread "Thread-11" daemon [_thread_blocked, id=28900, stack(0x2b240000,0x2b290000)]
  0x29aa7800 JavaThread "Timer-1" daemon [_thread_blocked, id=28128, stack(0x29e80000,0x29ed0000)]
  0x29999c00 JavaThread "Timer-0" daemon [_thread_blocked, id=27296, stack(0x29df0000,0x29e40000)]
  0x2943e400 JavaThread "13629245@qtp-14741882-0 - Acceptor0 SelectChannelConnector@127.0.0.1:8888" [_thread_in_native, id=16836, stack(0x29cd0000,0x29d20000)]
  0x28c49000 JavaThread "Service Thread" daemon [_thread_blocked, id=18936, stack(0x01320000,0x01370000)]
  0x28c58000 JavaThread "C1 CompilerThread0" daemon [_thread_blocked, id=20116, stack(0x00e60000,0x00eb0000)]
  0x28b08000 JavaThread "JDWP Command Reader" daemon [_thread_in_native, id=24448, stack(0x00dd0000,0x00e20000)]
  0x28b03000 JavaThread "JDWP Event Helper Thread" daemon [_thread_blocked, id=18920, stack(0x00d40000,0x00d90000)]
=>0x28afdc00 JavaThread "JDWP Transport Listener: dt_socket" daemon [_thread_in_vm, id=29848, stack(0x00cb0000,0x00d00000)]
  0x28af7800 JavaThread "Attach Listener" daemon [_thread_blocked, id=31808, stack(0x00c10000,0x00c60000)]
  0x28af5800 JavaThread "Signal Dispatcher" daemon [_thread_blocked, id=18536, stack(0x00b80000,0x00bd0000)]
  0x028c5000 JavaThread "Finalizer" daemon [_thread_blocked, id=27104, stack(0x00af0000,0x00b40000)]
  0x028c0400 JavaThread "Reference Handler" daemon [_thread_blocked, id=18780, stack(0x00a60000,0x00ab0000)]
  0x00f6cc00 JavaThread "main" [_thread_blocked, id=26204, stack(0x00940000,0x00990000)]

Other Threads:
  0x028ba800 VMThread [stack: 0x009d0000,0x00a20000] [id=18696]
  0x28c86c00 WatcherThread [stack: 0x28ff0000,0x29040000] [id=22268]

VM state:not at safepoint (normal execution)

VM Mutex/Monitor currently owned by a thread: None

Heap
 def new generation   total 8512K, used 1468K [0x048d0000, 0x05200000, 0x0f370000)
  eden space 7616K,   8% used [0x048d0000, 0x04977b28, 0x05040000)
  from space 896K,  89% used [0x05040000, 0x05107600, 0x05120000)
  to   space 896K,   0% used [0x05120000, 0x05120000, 0x05200000)
 tenured generation   total 18704K, used 16139K [0x0f370000, 0x105b4000, 0x248d0000)
   the space 18704K,  86% used [0x0f370000, 0x10332ed0, 0x10333000, 0x105b4000)
 compacting perm gen  total 25600K, used 25508K [0x248d0000, 0x261d0000, 0x288d0000)
   the space 25600K,  99% used [0x248d0000, 0x261b9210, 0x261b9400, 0x261d0000)
No shared spaces configured.

Card table byte_map: [0x288d0000,0x28a00000] byte_map_base: 0x288ab980

Polling page: 0x00f20000

Code Cache  [0x028d0000, 0x02de0000, 0x048d0000)
 total_blobs=2018 nmethods=1844 adapters=116 free_code_cache=27600Kb largest_free_block=28262656

Compilation events (10 events):
Event: 1939.049 Thread 0x28c58000 1845   !         sun.nio.ch.SelectorImpl::lockAndDoSelect (72 bytes)
Event: 1939.049 Thread 0x28c58000 nmethod 1845 0x02dd8808 code [0x02dd8950, 0x02dd8f58]
Event: 1949.555 Thread 0x28c58000 1846             com.google.appengine.repackaged.com.google.io.protocol.ProtocolSource::hasRemaining (17 bytes)
Event: 1949.556 Thread 0x28c58000 nmethod 1846 0x02dd93c8 code [0x02dd94c0, 0x02dd9550]
Event: 1949.565 Thread 0x28c58000 1847             com.google.storage.onestore.v3.OnestoreEntity$Property::merge (260 bytes)
Event: 1949.569 Thread 0x28c58000 nmethod 1847 0x02dd9588 code [0x02dd9870, 0x02dda844]
Event: 1949.569 Thread 0x28c58000 1848             com.google.appengine.api.datastore.DataTypeTranslator$Type::getV3Meaning (4 bytes)
Event: 1949.570 Thread 0x28c58000 nmethod 1848 0x02ddb948 code [0x02ddba40, 0x02ddbac0]
Event: 1949.684 Thread 0x28c58000 1849             sun.util.calendar.AbstractCalendar::getDayOfWeekDateOnOrBefore (31 bytes)
Event: 1949.685 Thread 0x28c58000 nmethod 1849 0x02ddbb08 code [0x02ddbc00, 0x02ddbdf0]

GC Heap History (10 events):
Event: 1229.785 GC heap before
{Heap before GC invocations=88 (full 4):
 def new generation   total 8512K, used 7670K [0x048d0000, 0x05200000, 0x0f370000)
  eden space 7616K, 100% used [0x048d0000, 0x05040000, 0x05040000)
  from space 896K,   6% used [0x05120000, 0x0512dba0, 0x05200000)
  to   space 896K,   0% used [0x05040000, 0x05040000, 0x05120000)
 tenured generation   total 18704K, used 15728K [0x0f370000, 0x105b4000, 0x248d0000)
   the space 18704K,  84% used [0x0f370000, 0x102cc3b0, 0x102cc400, 0x105b4000)
 compacting perm gen  total 25344K, used 25340K [0x248d0000, 0x26190000, 0x288d0000)
   the space 25344K,  99% used [0x248d0000, 0x2618f088, 0x2618f200, 0x26190000)
No shared spaces configured.
Event: 1229.787 GC heap after
Heap after GC invocations=89 (full 4):
 def new generation   total 8512K, used 133K [0x048d0000, 0x05200000, 0x0f370000)
  eden space 7616K,   0% used [0x048d0000, 0x048d0000, 0x05040000)
  from space 896K,  14% used [0x05040000, 0x050617d0, 0x05120000)
  to   space 896K,   0% used [0x05120000, 0x05120000, 0x05200000)
 tenured generation   total 18704K, used 15728K [0x0f370000, 0x105b4000, 0x248d0000)
   the space 18704K,  84% used [0x0f370000, 0x102cc3b0, 0x102cc400, 0x105b4000)
 compacting perm gen  total 25344K, used 25340K [0x248d0000, 0x26190000, 0x288d0000)
   the space 25344K,  99% used [0x248d0000, 0x2618f088, 0x2618f200, 0x26190000)
No shared spaces configured.
}
Event: 1230.041 GC heap before
{Heap before GC invocations=89 (full 4):
 def new generation   total 8512K, used 7749K [0x048d0000, 0x05200000, 0x0f370000)
  eden space 7616K, 100% used [0x048d0000, 0x05040000, 0x05040000)
  from space 896K,  14% used [0x05040000, 0x050617d0, 0x05120000)
  to   space 896K,   0% used [0x05120000, 0x05120000, 0x05200000)
 tenured generation   total 18704K, used 15728K [0x0f370000, 0x105b4000, 0x248d0000)
   the space 18704K,  84% used [0x0f370000, 0x102cc3b0, 0x102cc400, 0x105b4000)
 compacting perm gen  total 25344K, used 25340K [0x248d0000, 0x26190000, 0x288d0000)
   the space 25344K,  99% used [0x248d0000, 0x2618f088, 0x2618f200, 0x26190000)
No shared spaces configured.
Event: 1230.044 GC heap after
Heap after GC invocations=90 (full 4):
 def new generation   total 8512K, used 546K [0x048d0000, 0x05200000, 0x0f370000)
  eden space 7616K,   0% used [0x048d0000, 0x048d0000, 0x05040000)
  from space 896K,  61% used [0x05120000, 0x051a8ab8, 0x05200000)
  to   space 896K,   0% used [0x05040000, 0x05040000, 0x05120000)
 tenured generation   total 18704K, used 15728K [0x0f370000, 0x105b4000, 0x248d0000)
   the space 18704K,  84% used [0x0f370000, 0x102cc3b0, 0x102cc400, 0x105b4000)
 compacting perm gen  total 25344K, used 25340K [0x248d0000, 0x26190000, 0x288d0000)
   the space 25344K,  99% used [0x248d0000, 0x2618f088, 0x2618f200, 0x26190000)
No shared spaces configured.
}
Event: 1230.339 GC heap before
{Heap before GC invocations=90 (full 4):
 def new generation   total 8512K, used 8162K [0x048d0000, 0x05200000, 0x0f370000)
  eden space 7616K, 100% used [0x048d0000, 0x05040000, 0x05040000)
  from space 896K,  61% used [0x05120000, 0x051a8ab8, 0x05200000)
  to   space 896K,   0% used [0x05040000, 0x05040000, 0x05120000)
 tenured generation   total 18704K, used 15728K [0x0f370000, 0x105b4000, 0x248d0000)
   the space 18704K,  84% used [0x0f370000, 0x102cc3b0, 0x102cc400, 0x105b4000)
 compacting perm gen  total 25344K, used 25340K [0x248d0000, 0x26190000, 0x288d0000)
   the space 25344K,  99% used [0x248d0000, 0x2618f088, 0x2618f200, 0x26190000)
No shared spaces configured.
Event: 1230.345 GC heap after
Heap after GC invocations=91 (full 4):
 def new generation   total 8512K, used 768K [0x048d0000, 0x05200000, 0x0f370000)
  eden space 7616K,   0% used [0x048d0000, 0x048d0000, 0x05040000)
  from space 896K,  85% used [0x05040000, 0x05100180, 0x05120000)
  to   space 896K,   0% used [0x05120000, 0x05120000, 0x05200000)
 tenured generation   total 18704K, used 15995K [0x0f370000, 0x105b4000, 0x248d0000)
   the space 18704K,  85% used [0x0f370000, 0x1030ef60, 0x1030f000, 0x105b4000)
 compacting perm gen  total 25344K, used 25340K [0x248d0000, 0x26190000, 0x288d0000)
   the space 25344K,  99% used [0x248d0000, 0x2618f088, 0x2618f200, 0x26190000)
No shared spaces configured.
}
Event: 1238.477 GC heap before
{Heap before GC invocations=91 (full 4):
 def new generation   total 8512K, used 8384K [0x048d0000, 0x05200000, 0x0f370000)
  eden space 7616K, 100% used [0x048d0000, 0x05040000, 0x05040000)
  from space 896K,  85% used [0x05040000, 0x05100180, 0x05120000)
  to   space 896K,   0% used [0x05120000, 0x05120000, 0x05200000)
 tenured generation   total 18704K, used 15995K [0x0f370000, 0x105b4000, 0x248d0000)
   the space 18704K,  85% used [0x0f370000, 0x1030ef60, 0x1030f000, 0x105b4000)
 compacting perm gen  total 25600K, used 25362K [0x248d0000, 0x261d0000, 0x288d0000)
   the space 25600K,  99% used [0x248d0000, 0x26194ba0, 0x26194c00, 0x261d0000)
No shared spaces configured.
Event: 1238.482 GC heap after
Heap after GC invocations=92 (full 4):
 def new generation   total 8512K, used 321K [0x048d0000, 0x05200000, 0x0f370000)
  eden space 7616K,   0% used [0x048d0000, 0x048d0000, 0x05040000)
  from space 896K,  35% used [0x05120000, 0x051705f8, 0x05200000)
  to   space 896K,   0% used [0x05040000, 0x05040000, 0x05120000)
 tenured generation   total 18704K, used 16139K [0x0f370000, 0x105b4000, 0x248d0000)
   the space 18704K,  86% used [0x0f370000, 0x10332ed0, 0x10333000, 0x105b4000)
 compacting perm gen  total 25600K, used 25362K [0x248d0000, 0x261d0000, 0x288d0000)
   the space 25600K,  99% used [0x248d0000, 0x26194ba0, 0x26194c00, 0x261d0000)
No shared spaces configured.
}
Event: 1939.012 GC heap before
{Heap before GC invocations=92 (full 4):
 def new generation   total 8512K, used 7937K [0x048d0000, 0x05200000, 0x0f370000)
  eden space 7616K, 100% used [0x048d0000, 0x05040000, 0x05040000)
  from space 896K,  35% used [0x05120000, 0x051705f8, 0x05200000)
  to   space 896K,   0% used [0x05040000, 0x05040000, 0x05120000)
 tenured generation   total 18704K, used 16139K [0x0f370000, 0x105b4000, 0x248d0000)
   the space 18704K,  86% used [0x0f370000, 0x10332ed0, 0x10333000, 0x105b4000)
 compacting perm gen  total 25600K, used 25504K [0x248d0000, 0x261d0000, 0x288d0000)
   the space 25600K,  99% used [0x248d0000, 0x261b80e8, 0x261b8200, 0x261d0000)
No shared spaces configured.
Event: 1939.018 GC heap after
Heap after GC invocations=93 (full 4):
 def new generation   total 8512K, used 797K [0x048d0000, 0x05200000, 0x0f370000)
  eden space 7616K,   0% used [0x048d0000, 0x048d0000, 0x05040000)
  from space 896K,  89% used [0x05040000, 0x05107600, 0x05120000)
  to   space 896K,   0% used [0x05120000, 0x05120000, 0x05200000)
 tenured generation   total 18704K, used 16139K [0x0f370000, 0x105b4000, 0x248d0000)
   the space 18704K,  86% used [0x0f370000, 0x10332ed0, 0x10333000, 0x105b4000)
 compacting perm gen  total 25600K, used 25504K [0x248d0000, 0x261d0000, 0x288d0000)
   the space 25600K,  99% used [0x248d0000, 0x261b80e8, 0x261b8200, 0x261d0000)
No shared spaces configured.
}

Deoptimization events (0 events):
No events

Internal exceptions (10 events):
Event: 1230.689 Thread 0x2a0b8400 Threw 0x04f83da0 at C:\jdk7u2_32P\jdk7u25\hotspot\src\share\vm\prims\jvm.cpp:1235
Event: 1230.689 Thread 0x2a0b8400 Threw 0x04f84120 at C:\jdk7u2_32P\jdk7u25\hotspot\src\share\vm\classfile\systemDictionary.cpp:179
Event: 1230.689 Thread 0x2a0b8400 Threw 0x04f87c48 at C:\jdk7u2_32P\jdk7u25\hotspot\src\share\vm\runtime\sharedRuntime.cpp:613
Event: 1230.690 Thread 0x2a0b8400 Threw 0x04f89000 at C:\jdk7u2_32P\jdk7u25\hotspot\src\share\vm\runtime\sharedRuntime.cpp:613
Event: 1312.518 Thread 0x29937c00 Threw 0x04a2ecc8 at C:\jdk7u2_32P\jdk7u25\hotspot\src\share\vm\runtime\reflection.cpp:1039
Event: 1312.518 Thread 0x29937c00 Threw 0x04a2eaa0 at C:\jdk7u2_32P\jdk7u25\hotspot\src\share\vm\prims\jvm.cpp:1239
Event: 1624.870 Thread 0x2a0b9000 Threw 0x04c956a8 at C:\jdk7u2_32P\jdk7u25\hotspot\src\share\vm\prims\jvm.cpp:1235
Event: 1624.875 Thread 0x2a0b9000 Threw 0x04c98b38 at C:\jdk7u2_32P\jdk7u25\hotspot\src\share\vm\prims\jvm.cpp:1235
Event: 1624.876 Thread 0x2a0b9000 Threw 0x04c9a7f0 at C:\jdk7u2_32P\jdk7u25\hotspot\src\share\vm\prims\jvm.cpp:1235
Event: 1624.878 Thread 0x2a0b9000 Threw 0x04c9d948 at C:\jdk7u2_32P\jdk7u25\hotspot\src\share\vm\prims\jvm.cpp:1235

Events (10 events):
Event: 1959.574 Executing VM operation: ChangeBreakpoints
Event: 1959.575 Executing VM operation: ChangeBreakpoints done
Event: 1959.653 Executing VM operation: ChangeBreakpoints
Event: 1959.654 Executing VM operation: ChangeBreakpoints done
Event: 1959.672 Executing VM operation: ChangeBreakpoints
Event: 1959.673 Executing VM operation: ChangeBreakpoints done
Event: 1959.691 Executing VM operation: ChangeBreakpoints
Event: 1959.692 Executing VM operation: ChangeBreakpoints done
Event: 1959.712 Executing VM operation: ChangeBreakpoints
Event: 1959.713 Executing VM operation: ChangeBreakpoints done


Dynamic libraries:
0x011f0000 - 0x0121f000 	C:\Program Files (x86)\Java\jdk1.7.0_25\bin\javaw.exe
0x776f0000 - 0x7786b000 	C:\WINDOWS\SYSTEM32\ntdll.dll
0x76c20000 - 0x76d00000 	C:\WINDOWS\SYSTEM32\KERNEL32.DLL
0x76210000 - 0x7638e000 	C:\WINDOWS\SYSTEM32\KERNELBASE.dll
0x772c0000 - 0x7733b000 	C:\WINDOWS\SYSTEM32\ADVAPI32.dll
0x76100000 - 0x761be000 	C:\WINDOWS\SYSTEM32\msvcrt.dll
0x76d00000 - 0x76d44000 	C:\WINDOWS\SYSTEM32\sechost.dll
0x76a20000 - 0x76acd000 	C:\WINDOWS\SYSTEM32\RPCRT4.dll
0x74420000 - 0x7443e000 	C:\WINDOWS\SYSTEM32\SspiCli.dll
0x74410000 - 0x7441a000 	C:\WINDOWS\SYSTEM32\CRYPTBASE.dll
0x77560000 - 0x775b8000 	C:\WINDOWS\SYSTEM32\bcryptPrimitives.dll
0x75a40000 - 0x75b87000 	C:\WINDOWS\SYSTEM32\USER32.dll
0x76ad0000 - 0x76c1f000 	C:\WINDOWS\SYSTEM32\GDI32.dll
0x6eac0000 - 0x6eccf000 	C:\WINDOWS\WinSxS\x86_microsoft.windows.common-controls_6595b64144ccf1df_6.0.10586.0_none_d3c2e4e965da4528\COMCTL32.dll
0x773a0000 - 0x7755d000 	C:\WINDOWS\SYSTEM32\combase.dll
0x760c0000 - 0x760eb000 	C:\WINDOWS\SYSTEM32\IMM32.DLL
0x63ce0000 - 0x63d9e000 	C:\Program Files (x86)\Java\jdk1.7.0_25\jre\bin\msvcr100.dll
0x63990000 - 0x63cd2000 	C:\Program Files (x86)\Java\jdk1.7.0_25\jre\bin\client\jvm.dll
0x760f0000 - 0x760f6000 	C:\WINDOWS\SYSTEM32\PSAPI.DLL
0x70aa0000 - 0x70ac4000 	C:\WINDOWS\SYSTEM32\WINMM.dll
0x6e420000 - 0x6e428000 	C:\WINDOWS\SYSTEM32\WSOCK32.dll
0x77640000 - 0x7769f000 	C:\WINDOWS\SYSTEM32\WS2_32.dll
0x00f70000 - 0x00f93000 	C:\WINDOWS\SYSTEM32\WINMMBASE.dll
0x75a00000 - 0x75a37000 	C:\WINDOWS\SYSTEM32\cfgmgr32.dll
0x63980000 - 0x6398c000 	C:\Program Files (x86)\Java\jdk1.7.0_25\jre\bin\verify.dll
0x63960000 - 0x63980000 	C:\Program Files (x86)\Java\jdk1.7.0_25\jre\bin\java.dll
0x6bfe0000 - 0x6c00a000 	C:\Program Files (x86)\Java\jdk1.7.0_25\jre\bin\jdwp.dll
0x6bfd0000 - 0x6bfd7000 	C:\Program Files (x86)\Java\jdk1.7.0_25\jre\bin\npt.dll
0x6ac10000 - 0x6ac30000 	C:\Program Files (x86)\Java\jdk1.7.0_25\jre\bin\instrument.dll
0x63940000 - 0x63953000 	C:\Program Files (x86)\Java\jdk1.7.0_25\jre\bin\zip.dll
0x6bf70000 - 0x6bf78000 	C:\Program Files (x86)\Java\jdk1.7.0_25\jre\bin\dt_socket.dll
0x62330000 - 0x62342000 	C:\WINDOWS\system32\napinsp.dll
0x62310000 - 0x62326000 	C:\WINDOWS\system32\pnrpnsp.dll
0x622f0000 - 0x62304000 	C:\WINDOWS\system32\NLAapi.dll
0x732c0000 - 0x7330f000 	C:\WINDOWS\System32\mswsock.dll
0x73220000 - 0x732a4000 	C:\WINDOWS\SYSTEM32\DNSAPI.dll
0x76e60000 - 0x76e67000 	C:\WINDOWS\SYSTEM32\NSI.dll
0x622e0000 - 0x622eb000 	C:\WINDOWS\System32\winrnr.dll
0x622c0000 - 0x622d1000 	C:\WINDOWS\System32\wshbth.dll
0x731f0000 - 0x73211000 	C:\Program Files (x86)\Bonjour\mdnsNSP.dll
0x73b80000 - 0x73baf000 	C:\WINDOWS\SYSTEM32\Iphlpapi.DLL
0x71fa0000 - 0x71fe7000 	C:\WINDOWS\System32\fwpuclnt.dll
0x73ca0000 - 0x73cbb000 	C:\WINDOWS\SYSTEM32\bcrypt.dll
0x731e0000 - 0x731e8000 	C:\Windows\System32\rasadhlp.dll
0x62350000 - 0x62364000 	C:\Program Files (x86)\Java\jdk1.7.0_25\jre\bin\net.dll
0x622b0000 - 0x622bf000 	C:\Program Files (x86)\Java\jdk1.7.0_25\jre\bin\nio.dll
0x60160000 - 0x60180000 	C:\Program Files (x86)\Java\jdk1.7.0_25\jre\bin\sunec.dll
0x60150000 - 0x60159000 	C:\Program Files (x86)\Java\jdk1.7.0_25\jre\bin\sunmscapi.dll
0x76f90000 - 0x77108000 	C:\WINDOWS\SYSTEM32\CRYPT32.dll
0x75b90000 - 0x75b9e000 	C:\WINDOWS\SYSTEM32\MSASN1.dll
0x6e4e0000 - 0x6e4f3000 	C:\WINDOWS\SYSTEM32\CRYPTSP.dll
0x6e4b0000 - 0x6e4df000 	C:\WINDOWS\system32\rsaenh.dll
0x74330000 - 0x74349000 	C:\WINDOWS\SYSTEM32\USERENV.dll
0x76d50000 - 0x76d5f000 	C:\WINDOWS\SYSTEM32\profapi.dll
0x738c0000 - 0x739ff000 	C:\WINDOWS\SYSTEM32\dbghelp.dll

VM Arguments:
jvm_args: -agentlib:jdwp=transport=dt_socket,suspend=y,address=localhost:60952 -Ddatastore.default_high_rep_job_policy_unapplied_job_pct=50 -Xmx512m -javaagent:C:\Users\WebDev\Documents\salesmaxx\appengine-java-sdk-1.9.26\lib\agent\appengine-agent.jar -Dfile.encoding=Cp1252 
java_command: com.google.appengine.tools.development.DevAppServerMain --port=8888 C:\Users\WebDev\git\best-qualified002\best-qualified\war
Launcher Type: SUN_STANDARD

Environment Variables:
JAVA_HOME=C:\Program Files (x86)\Java\jdk1.7.0_25
PATH=C:\Program Files (x86)\Java\jdk1.7.0_25\jre\bin;C:\Program Files (x86)\Java\jdk1.7.0_25\bin;C:\Program Files (x86)\Intel\TXE Components\TCS\;C:\Program Files\Intel\TXE Components\TCS\;C:\WINDOWS\system32;C:\WINDOWS;C:\WINDOWS\System32\Wbem;C:\WINDOWS\System32\WindowsPowerShell\v1.0\;C:\Program Files\Hewlett-Packard\SimplePass\;C:\Program Files (x86)\Java\jdk1.7.0_25/bin;C:\Program Files (x86)\Skype\Phone\;;C:\Users\WebDev\AppData\Local\Google\Cloud SDK\google-cloud-sdk\bin
USERNAME=WebDev
OS=Windows_NT
PROCESSOR_IDENTIFIER=Intel64 Family 6 Model 55 Stepping 8, GenuineIntel



---------------  S Y S T E M  ---------------

OS: Windows 8 , 64 bit Build 9200 

CPU:total 4 (4 cores per cpu, 1 threads per core) family 6 model 55 stepping 8, cmov, cx8, fxsr, mmx, sse, sse2, sse3, ssse3, sse4.1, sse4.2, popcnt, tsc, tscinvbit

Memory: 4k page, physical 4077840k(1419444k free), swap 6551548k(3181180k free)

vm_info: Java HotSpot(TM) Client VM (23.25-b01) for windows-x86 JRE (1.7.0_25-b17), built on Jun 21 2013 13:06:48 by "java_re" with unknown MS VC++:1600

time: Sun Apr 24 09:20:55 2016
elapsed time: 1960 seconds

