#
# A fatal error has been detected by the Java Runtime Environment:
#
#  EXCEPTION_ACCESS_VIOLATION (0xc0000005) at pc=0x5d794309, pid=10812, tid=18544
#
# JRE version: 7.0_25-b17
# Java VM: Java HotSpot(TM) Client VM (23.25-b01 mixed mode windows-x86 )
# Problematic frame:
# V  [jvm.dll+0xe4309]
#
# Failed to write core dump. Minidumps are not enabled by default on client versions of Windows
#
# If you would like to submit a bug report, please visit:
#   http://bugreport.sun.com/bugreport/crash.jsp
#

---------------  T H R E A D  ---------------

Current thread (0x2888dc00):  JavaThread "JDWP Transport Listener: dt_socket" daemon [_thread_in_vm, id=18544, stack(0x00e20000,0x00e70000)]

siginfo: ExceptionCode=0xc0000005, writing address 0xbb57ea38

Registers:
EAX=0x29671828, EBX=0x24660180, ECX=0x00000000, EDX=0x29bfe438
ESP=0x00e6f914, EBP=0x00e6f948, ESI=0x25c8bfe8, EDI=0x00000098
EIP=0x5d794309, EFLAGS=0x00010246

Top of Stack: (sp=0x00e6f914)
0x00e6f914:   00d39178 0f9844b8 00000000 2888dc00
0x00e6f924:   28874988 288917a8 288917b0 28891b9c
0x00e6f934:   00e6fbac 288918c4 00000023 00000000
0x00e6f944:   29bfe438 00e6f97c 5d888e5c 288917b0
0x00e6f954:   00e6f9a4 00e6f9a0 00e6fa04 298dbab4
0x00e6f964:   2888dc00 00000000 00000000 00000000
0x00e6f974:   2888dc00 2888dc00 00e6f9a8 61c1449d
0x00e6f984:   00d39178 298dbab4 00e6f9a4 00e6f9a0 

Instructions: (pc=0x5d794309)
0x5d7942e9:   46 0c 8b 40 10 51 51 8b cc 50 e8 38 06 f2 ff e8
0x5d7942f9:   33 2d fa ff 8b 55 fc 83 c4 08 83 c7 04 ff 4d f8
0x5d794309:   89 04 9a 75 a9 eb 4f 85 f6 7e 51 bb 0c 00 00 00
0x5d794319:   8b f8 2b d8 89 75 f8 8b 45 08 85 c0 74 02 8b 00 


Register to memory mapping:

EAX=0x29671828 is a weak global jni handle
EBX=0x24660180 is an oop
{other class} 
 - klass: {other class}
ECX=0x00000000 is an unknown value
EDX=0x29bfe438 is an unknown value
ESP=0x00e6f914 is pointing into the stack for thread: 0x2888dc00
EBP=0x00e6f948 is pointing into the stack for thread: 0x2888dc00
ESI=0x25c8bfe8 is an oop
{method} 
 - klass: {other class}
EDI=0x00000098 is an unknown value


Stack: [0x00e20000,0x00e70000],  sp=0x00e6f914,  free space=318k
Native frames: (J=compiled Java code, j=interpreted, Vv=VM code, C=native code)
V  [jvm.dll+0xe4309]
V  [jvm.dll+0x1d8e5c]
C  [jdwp.dll+0x449d]
C  [jdwp.dll+0x451e]


---------------  P R O C E S S  ---------------

Java Threads: ( => current thread )
  0x2a395c00 JavaThread "11839001@qtp-11743888-5" [_thread_blocked, id=28256, stack(0x29c80000,0x29cd0000)]
  0x2889a000 JavaThread "Thread-8" daemon [_thread_blocked, id=22576, stack(0x2a070000,0x2a0c0000)]
  0x28899800 JavaThread "Thread-7" daemon [_thread_blocked, id=12388, stack(0x29fe0000,0x2a030000)]
  0x28898000 JavaThread "Timer-1" daemon [_thread_blocked, id=6116, stack(0x29e30000,0x29e80000)]
  0x2889b400 JavaThread "Timer-0" daemon [_thread_blocked, id=25120, stack(0x29da0000,0x29df0000)]
  0x294ecc00 JavaThread "26762076@qtp-11743888-1 - Acceptor0 SelectChannelConnector@127.0.0.1:8888" [_thread_in_native, id=18900, stack(0x29d10000,0x29d60000)]
  0x289d4000 JavaThread "Service Thread" daemon [_thread_blocked, id=3456, stack(0x28b70000,0x28bc0000)]
  0x289af000 JavaThread "C1 CompilerThread0" daemon [_thread_blocked, id=5212, stack(0x28ae0000,0x28b30000)]
  0x2889b800 JavaThread "JDWP Command Reader" daemon [_thread_in_native, id=22752, stack(0x28a90000,0x28ae0000)]
  0x28893000 JavaThread "JDWP Event Helper Thread" daemon [_thread_blocked, id=1632, stack(0x28a40000,0x28a90000)]
=>0x2888dc00 JavaThread "JDWP Transport Listener: dt_socket" daemon [_thread_in_vm, id=18544, stack(0x00e20000,0x00e70000)]
  0x28887800 JavaThread "Attach Listener" daemon [_thread_blocked, id=6416, stack(0x00c40000,0x00c90000)]
  0x28885800 JavaThread "Signal Dispatcher" daemon [_thread_blocked, id=24160, stack(0x00bb0000,0x00c00000)]
  0x02655000 JavaThread "Finalizer" daemon [_thread_blocked, id=9876, stack(0x00b20000,0x00b70000)]
  0x02650400 JavaThread "Reference Handler" daemon [_thread_blocked, id=22116, stack(0x00a90000,0x00ae0000)]
  0x00d3cc00 JavaThread "main" [_thread_blocked, id=22128, stack(0x00970000,0x009c0000)]

Other Threads:
  0x0264a800 VMThread [stack: 0x00a00000,0x00a50000] [id=5896]
  0x28a12400 WatcherThread [stack: 0x28f60000,0x28fb0000] [id=9780]

VM state:not at safepoint (normal execution)

VM Mutex/Monitor currently owned by a thread: None

Heap
 def new generation   total 8128K, used 6125K [0x04660000, 0x04f30000, 0x0f100000)
  eden space 7232K,  74% used [0x04660000, 0x04baa740, 0x04d70000)
  from space 896K,  78% used [0x04e50000, 0x04f00d60, 0x04f30000)
  to   space 896K,   0% used [0x04d70000, 0x04d70000, 0x04e50000)
 tenured generation   total 17916K, used 13132K [0x0f100000, 0x1027f000, 0x24660000)
   the space 17916K,  73% used [0x0f100000, 0x0fdd3350, 0x0fdd3400, 0x1027f000)
 compacting perm gen  total 22784K, used 22733K [0x24660000, 0x25ca0000, 0x28660000)
   the space 22784K,  99% used [0x24660000, 0x25c93768, 0x25c93800, 0x25ca0000)
No shared spaces configured.

Card table byte_map: [0x28660000,0x28790000] byte_map_base: 0x2863cd00

Polling page: 0x00cc0000

Code Cache  [0x02660000, 0x02a48000, 0x04660000)
 total_blobs=1584 nmethods=1412 adapters=114 free_code_cache=28780Kb largest_free_block=29470208

Compilation events (10 events):
Event: 5853.339 Thread 0x289af000 1412             org.mortbay.resource.Resource::<init> (5 bytes)
Event: 5853.340 Thread 0x289af000 nmethod 1412 0x02a40888 code [0x02a40980, 0x02a40a10]
Event: 5858.332 Thread 0x289af000 1413   !         org.mortbay.resource.Resource::newResource (297 bytes)
Event: 5858.338 Thread 0x289af000 nmethod 1413 0x02a40a88 code [0x02a40f00, 0x02a42618]
Event: 5858.338 Thread 0x289af000 1414             org.mortbay.resource.Resource::newResource (8 bytes)
Event: 5858.338 Thread 0x289af000 nmethod 1414 0x02a44748 code [0x02a44840, 0x02a448cc]
Event: 5858.338 Thread 0x289af000 1415             org.mortbay.resource.Resource::newResource (8 bytes)
Event: 5858.338 Thread 0x289af000 nmethod 1415 0x02a44948 code [0x02a44a40, 0x02a44acc]
Event: 5958.369 Thread 0x289af000 1416             java.lang.AbstractStringBuilder::insert (85 bytes)
Event: 5958.373 Thread 0x289af000 nmethod 1416 0x02a44b48 code [0x02a44ca0, 0x02a44f7c]

GC Heap History (10 events):
Event: 3499.541 GC heap before
{Heap before GC invocations=53 (full 3):
 def new generation   total 8128K, used 7232K [0x04660000, 0x04f30000, 0x0f100000)
  eden space 7232K, 100% used [0x04660000, 0x04d70000, 0x04d70000)
  from space 896K,   0% used [0x04d70000, 0x04d70000, 0x04e50000)
  to   space 896K,   0% used [0x04e50000, 0x04e50000, 0x04f30000)
 tenured generation   total 17916K, used 10748K [0x0f100000, 0x1027f000, 0x24660000)
   the space 17916K,  59% used [0x0f100000, 0x0fb7f278, 0x0fb7f400, 0x1027f000)
 compacting perm gen  total 21504K, used 21476K [0x24660000, 0x25b60000, 0x28660000)
   the space 21504K,  99% used [0x24660000, 0x25b59138, 0x25b59200, 0x25b60000)
No shared spaces configured.
Event: 3499.545 GC heap after
Heap after GC invocations=54 (full 3):
 def new generation   total 8128K, used 895K [0x04660000, 0x04f30000, 0x0f100000)
  eden space 7232K,   0% used [0x04660000, 0x04660000, 0x04d70000)
  from space 896K,  99% used [0x04e50000, 0x04f2fff8, 0x04f30000)
  to   space 896K,   0% used [0x04d70000, 0x04d70000, 0x04e50000)
 tenured generation   total 17916K, used 11124K [0x0f100000, 0x1027f000, 0x24660000)
   the space 17916K,  62% used [0x0f100000, 0x0fbdd390, 0x0fbdd400, 0x1027f000)
 compacting perm gen  total 21504K, used 21476K [0x24660000, 0x25b60000, 0x28660000)
   the space 21504K,  99% used [0x24660000, 0x25b59138, 0x25b59200, 0x25b60000)
No shared spaces configured.
}
Event: 3499.960 GC heap before
{Heap before GC invocations=54 (full 3):
 def new generation   total 8128K, used 8127K [0x04660000, 0x04f30000, 0x0f100000)
  eden space 7232K, 100% used [0x04660000, 0x04d70000, 0x04d70000)
  from space 896K,  99% used [0x04e50000, 0x04f2fff8, 0x04f30000)
  to   space 896K,   0% used [0x04d70000, 0x04d70000, 0x04e50000)
 tenured generation   total 17916K, used 11124K [0x0f100000, 0x1027f000, 0x24660000)
   the space 17916K,  62% used [0x0f100000, 0x0fbdd390, 0x0fbdd400, 0x1027f000)
 compacting perm gen  total 22272K, used 22048K [0x24660000, 0x25c20000, 0x28660000)
   the space 22272K,  98% used [0x24660000, 0x25be8260, 0x25be8400, 0x25c20000)
No shared spaces configured.
Event: 3499.965 GC heap after
Heap after GC invocations=55 (full 3):
 def new generation   total 8128K, used 896K [0x04660000, 0x04f30000, 0x0f100000)
  eden space 7232K,   0% used [0x04660000, 0x04660000, 0x04d70000)
  from space 896K, 100% used [0x04d70000, 0x04e50000, 0x04e50000)
  to   space 896K,   0% used [0x04e50000, 0x04e50000, 0x04f30000)
 tenured generation   total 17916K, used 11589K [0x0f100000, 0x1027f000, 0x24660000)
   the space 17916K,  64% used [0x0f100000, 0x0fc51688, 0x0fc51800, 0x1027f000)
 compacting perm gen  total 22272K, used 22048K [0x24660000, 0x25c20000, 0x28660000)
   the space 22272K,  98% used [0x24660000, 0x25be8260, 0x25be8400, 0x25c20000)
No shared spaces configured.
}
Event: 3500.509 GC heap before
{Heap before GC invocations=55 (full 3):
 def new generation   total 8128K, used 8128K [0x04660000, 0x04f30000, 0x0f100000)
  eden space 7232K, 100% used [0x04660000, 0x04d70000, 0x04d70000)
  from space 896K, 100% used [0x04d70000, 0x04e50000, 0x04e50000)
  to   space 896K,   0% used [0x04e50000, 0x04e50000, 0x04f30000)
 tenured generation   total 17916K, used 11589K [0x0f100000, 0x1027f000, 0x24660000)
   the space 17916K,  64% used [0x0f100000, 0x0fc51688, 0x0fc51800, 0x1027f000)
 compacting perm gen  total 22272K, used 22163K [0x24660000, 0x25c20000, 0x28660000)
   the space 22272K,  99% used [0x24660000, 0x25c04f10, 0x25c05000, 0x25c20000)
No shared spaces configured.
Event: 3500.516 GC heap after
Heap after GC invocations=56 (full 3):
 def new generation   total 8128K, used 757K [0x04660000, 0x04f30000, 0x0f100000)
  eden space 7232K,   0% used [0x04660000, 0x04660000, 0x04d70000)
  from space 896K,  84% used [0x04e50000, 0x04f0d538, 0x04f30000)
  to   space 896K,   0% used [0x04d70000, 0x04d70000, 0x04e50000)
 tenured generation   total 17916K, used 12147K [0x0f100000, 0x1027f000, 0x24660000)
   the space 17916K,  67% used [0x0f100000, 0x0fcdcd48, 0x0fcdce00, 0x1027f000)
 compacting perm gen  total 22272K, used 22163K [0x24660000, 0x25c20000, 0x28660000)
   the space 22272K,  99% used [0x24660000, 0x25c04f10, 0x25c05000, 0x25c20000)
No shared spaces configured.
}
Event: 3501.899 GC heap before
{Heap before GC invocations=56 (full 3):
 def new generation   total 8128K, used 7989K [0x04660000, 0x04f30000, 0x0f100000)
  eden space 7232K, 100% used [0x04660000, 0x04d70000, 0x04d70000)
  from space 896K,  84% used [0x04e50000, 0x04f0d538, 0x04f30000)
  to   space 896K,   0% used [0x04d70000, 0x04d70000, 0x04e50000)
 tenured generation   total 17916K, used 12147K [0x0f100000, 0x1027f000, 0x24660000)
   the space 17916K,  67% used [0x0f100000, 0x0fcdcd48, 0x0fcdce00, 0x1027f000)
 compacting perm gen  total 22528K, used 22456K [0x24660000, 0x25c60000, 0x28660000)
   the space 22528K,  99% used [0x24660000, 0x25c4e1c8, 0x25c4e200, 0x25c60000)
No shared spaces configured.
Event: 3501.909 GC heap after
Heap after GC invocations=57 (full 3):
 def new generation   total 8128K, used 867K [0x04660000, 0x04f30000, 0x0f100000)
  eden space 7232K,   0% used [0x04660000, 0x04660000, 0x04d70000)
  from space 896K,  96% used [0x04d70000, 0x04e48cf8, 0x04e50000)
  to   space 896K,   0% used [0x04e50000, 0x04e50000, 0x04f30000)
 tenured generation   total 17916K, used 12687K [0x0f100000, 0x1027f000, 0x24660000)
   the space 17916K,  70% used [0x0f100000, 0x0fd63dc8, 0x0fd63e00, 0x1027f000)
 compacting perm gen  total 22528K, used 22456K [0x24660000, 0x25c60000, 0x28660000)
   the space 22528K,  99% used [0x24660000, 0x25c4e1c8, 0x25c4e200, 0x25c60000)
No shared spaces configured.
}
Event: 5049.151 GC heap before
{Heap before GC invocations=57 (full 3):
 def new generation   total 8128K, used 8099K [0x04660000, 0x04f30000, 0x0f100000)
  eden space 7232K, 100% used [0x04660000, 0x04d70000, 0x04d70000)
  from space 896K,  96% used [0x04d70000, 0x04e48cf8, 0x04e50000)
  to   space 896K,   0% used [0x04e50000, 0x04e50000, 0x04f30000)
 tenured generation   total 17916K, used 12687K [0x0f100000, 0x1027f000, 0x24660000)
   the space 17916K,  70% used [0x0f100000, 0x0fd63dc8, 0x0fd63e00, 0x1027f000)
 compacting perm gen  total 22784K, used 22623K [0x24660000, 0x25ca0000, 0x28660000)
   the space 22784K,  99% used [0x24660000, 0x25c77c20, 0x25c77e00, 0x25ca0000)
No shared spaces configured.
Event: 5049.164 GC heap after
Heap after GC invocations=58 (full 3):
 def new generation   total 8128K, used 707K [0x04660000, 0x04f30000, 0x0f100000)
  eden space 7232K,   0% used [0x04660000, 0x04660000, 0x04d70000)
  from space 896K,  78% used [0x04e50000, 0x04f00d60, 0x04f30000)
  to   space 896K,   0% used [0x04d70000, 0x04d70000, 0x04e50000)
 tenured generation   total 17916K, used 13132K [0x0f100000, 0x1027f000, 0x24660000)
   the space 17916K,  73% used [0x0f100000, 0x0fdd3350, 0x0fdd3400, 0x1027f000)
 compacting perm gen  total 22784K, used 22623K [0x24660000, 0x25ca0000, 0x28660000)
   the space 22784K,  99% used [0x24660000, 0x25c77c20, 0x25c77e00, 0x25ca0000)
No shared spaces configured.
}

Deoptimization events (0 events):
No events

Internal exceptions (10 events):
Event: 3500.790 Thread 0x28899400 Threw 0x049f5550 at C:\jdk7u2_32P\jdk7u25\hotspot\src\share\vm\prims\jvm.cpp:1235
Event: 3500.791 Thread 0x28899400 Threw 0x049f92d8 at C:\jdk7u2_32P\jdk7u25\hotspot\src\share\vm\prims\jvm.cpp:1235
Event: 3500.791 Thread 0x28899400 Threw 0x049fc9c0 at C:\jdk7u2_32P\jdk7u25\hotspot\src\share\vm\prims\jvm.cpp:1235
Event: 3500.791 Thread 0x28899400 Threw 0x049fcd60 at C:\jdk7u2_32P\jdk7u25\hotspot\src\share\vm\classfile\systemDictionary.cpp:179
Event: 3500.792 Thread 0x28899400 Threw 0x04a01480 at C:\jdk7u2_32P\jdk7u25\hotspot\src\share\vm\runtime\sharedRuntime.cpp:613
Event: 3500.792 Thread 0x28899400 Threw 0x04a02f88 at C:\jdk7u2_32P\jdk7u25\hotspot\src\share\vm\prims\jvm.cpp:1235
Event: 3500.797 Thread 0x28899400 Threw 0x04a19c20 at C:\jdk7u2_32P\jdk7u25\hotspot\src\share\vm\runtime\sharedRuntime.cpp:613
Event: 3500.797 Thread 0x28899400 Threw 0x04a1a7f8 at C:\jdk7u2_32P\jdk7u25\hotspot\src\share\vm\runtime\sharedRuntime.cpp:613
Event: 3500.797 Thread 0x28899400 Threw 0x04a1c558 at C:\jdk7u2_32P\jdk7u25\hotspot\src\share\vm\prims\jvm.cpp:1235
Event: 3500.799 Thread 0x28899400 Threw 0x04a2a4c8 at C:\jdk7u2_32P\jdk7u25\hotspot\src\share\vm\runtime\sharedRuntime.cpp:613

Events (10 events):
Event: 5049.277 Executing VM operation: ChangeBreakpoints
Event: 5049.279 Executing VM operation: ChangeBreakpoints done
Event: 5049.305 Executing VM operation: ChangeBreakpoints
Event: 5049.308 Executing VM operation: ChangeBreakpoints done
Event: 5049.323 Executing VM operation: ChangeBreakpoints
Event: 5049.326 Executing VM operation: ChangeBreakpoints done
Event: 5924.135 Executing VM operation: RedefineClasses
Event: 5924.149 Executing VM operation: RedefineClasses done
Event: 6773.447 Executing VM operation: RedefineClasses
Event: 6773.462 Executing VM operation: RedefineClasses done


Dynamic libraries:
0x00320000 - 0x0034f000 	C:\Program Files (x86)\Java\jdk1.7.0_25\bin\javaw.exe
0x774f0000 - 0x7766b000 	C:\WINDOWS\SYSTEM32\ntdll.dll
0x74f10000 - 0x74ff0000 	C:\WINDOWS\SYSTEM32\KERNEL32.DLL
0x77260000 - 0x773de000 	C:\WINDOWS\SYSTEM32\KERNELBASE.dll
0x75500000 - 0x7557b000 	C:\WINDOWS\SYSTEM32\ADVAPI32.dll
0x75440000 - 0x754fe000 	C:\WINDOWS\SYSTEM32\msvcrt.dll
0x76d10000 - 0x76d54000 	C:\WINDOWS\SYSTEM32\sechost.dll
0x77440000 - 0x774ed000 	C:\WINDOWS\SYSTEM32\RPCRT4.dll
0x74220000 - 0x7423e000 	C:\WINDOWS\SYSTEM32\SspiCli.dll
0x74210000 - 0x7421a000 	C:\WINDOWS\SYSTEM32\CRYPTBASE.dll
0x773e0000 - 0x77438000 	C:\WINDOWS\SYSTEM32\bcryptPrimitives.dll
0x76bc0000 - 0x76d07000 	C:\WINDOWS\SYSTEM32\USER32.dll
0x752f0000 - 0x7543f000 	C:\WINDOWS\SYSTEM32\GDI32.dll
0x722f0000 - 0x724ff000 	C:\WINDOWS\WinSxS\x86_microsoft.windows.common-controls_6595b64144ccf1df_6.0.10586.0_none_d3c2e4e965da4528\COMCTL32.dll
0x750e0000 - 0x7529d000 	C:\WINDOWS\SYSTEM32\combase.dll
0x744c0000 - 0x744eb000 	C:\WINDOWS\SYSTEM32\IMM32.DLL
0x5dcc0000 - 0x5dd7e000 	C:\Program Files (x86)\Java\jdk1.7.0_25\jre\bin\msvcr100.dll
0x5d6b0000 - 0x5d9f2000 	C:\Program Files (x86)\Java\jdk1.7.0_25\jre\bin\client\jvm.dll
0x75580000 - 0x75586000 	C:\WINDOWS\SYSTEM32\PSAPI.DLL
0x732e0000 - 0x73304000 	C:\WINDOWS\SYSTEM32\WINMM.dll
0x709d0000 - 0x709d8000 	C:\WINDOWS\SYSTEM32\WSOCK32.dll
0x72250000 - 0x72273000 	C:\WINDOWS\SYSTEM32\WINMMBASE.dll
0x74b70000 - 0x74bcf000 	C:\WINDOWS\SYSTEM32\WS2_32.dll
0x752b0000 - 0x752e7000 	C:\WINDOWS\SYSTEM32\cfgmgr32.dll
0x5dcb0000 - 0x5dcbc000 	C:\Program Files (x86)\Java\jdk1.7.0_25\jre\bin\verify.dll
0x5dc90000 - 0x5dcb0000 	C:\Program Files (x86)\Java\jdk1.7.0_25\jre\bin\java.dll
0x61c10000 - 0x61c3a000 	C:\Program Files (x86)\Java\jdk1.7.0_25\jre\bin\jdwp.dll
0x61ac0000 - 0x61ac7000 	C:\Program Files (x86)\Java\jdk1.7.0_25\jre\bin\npt.dll
0x5e340000 - 0x5e360000 	C:\Program Files (x86)\Java\jdk1.7.0_25\jre\bin\instrument.dll
0x5d690000 - 0x5d6a3000 	C:\Program Files (x86)\Java\jdk1.7.0_25\jre\bin\zip.dll
0x61aa0000 - 0x61aa8000 	C:\Program Files (x86)\Java\jdk1.7.0_25\jre\bin\dt_socket.dll
0x5d650000 - 0x5d662000 	C:\WINDOWS\system32\napinsp.dll
0x5d630000 - 0x5d646000 	C:\WINDOWS\system32\pnrpnsp.dll
0x5d610000 - 0x5d624000 	C:\WINDOWS\system32\NLAapi.dll
0x71080000 - 0x710cf000 	C:\WINDOWS\System32\mswsock.dll
0x70f90000 - 0x71014000 	C:\WINDOWS\SYSTEM32\DNSAPI.dll
0x76bb0000 - 0x76bb7000 	C:\WINDOWS\SYSTEM32\NSI.dll
0x5dc80000 - 0x5dc8b000 	C:\WINDOWS\System32\winrnr.dll
0x5d5f0000 - 0x5d601000 	C:\WINDOWS\System32\wshbth.dll
0x70b20000 - 0x70b41000 	C:\Program Files (x86)\Bonjour\mdnsNSP.dll
0x732a0000 - 0x732cf000 	C:\WINDOWS\SYSTEM32\Iphlpapi.DLL
0x721f0000 - 0x72237000 	C:\WINDOWS\System32\fwpuclnt.dll
0x73b80000 - 0x73b9b000 	C:\WINDOWS\SYSTEM32\bcrypt.dll
0x70b10000 - 0x70b18000 	C:\Windows\System32\rasadhlp.dll
0x5d670000 - 0x5d684000 	C:\Program Files (x86)\Java\jdk1.7.0_25\jre\bin\net.dll
0x5d5e0000 - 0x5d5ef000 	C:\Program Files (x86)\Java\jdk1.7.0_25\jre\bin\nio.dll
0x5d590000 - 0x5d5b0000 	C:\Program Files (x86)\Java\jdk1.7.0_25\jre\bin\sunec.dll
0x5d580000 - 0x5d589000 	C:\Program Files (x86)\Java\jdk1.7.0_25\jre\bin\sunmscapi.dll
0x74340000 - 0x744b8000 	C:\WINDOWS\SYSTEM32\CRYPT32.dll
0x752a0000 - 0x752ae000 	C:\WINDOWS\SYSTEM32\MSASN1.dll
0x71b50000 - 0x71b63000 	C:\WINDOWS\SYSTEM32\CRYPTSP.dll
0x703e0000 - 0x7040f000 	C:\WINDOWS\system32\rsaenh.dll
0x74060000 - 0x74079000 	C:\WINDOWS\SYSTEM32\USERENV.dll
0x744f0000 - 0x744ff000 	C:\WINDOWS\SYSTEM32\profapi.dll
0x72fe0000 - 0x7311f000 	C:\WINDOWS\SYSTEM32\dbghelp.dll

VM Arguments:
jvm_args: -agentlib:jdwp=transport=dt_socket,suspend=y,address=localhost:56290 -Ddatastore.default_high_rep_job_policy_unapplied_job_pct=50 -Xmx512m -javaagent:C:\Users\WebDev\Documents\salesmaxx\appengine-java-sdk-1.9.26\lib\agent\appengine-agent.jar -Dfile.encoding=Cp1252 
java_command: com.google.appengine.tools.development.DevAppServerMain --port=8888 C:\Users\WebDev\git\best-qualified002\best-qualified\war
Launcher Type: SUN_STANDARD

Environment Variables:
JAVA_HOME=C:\Program Files (x86)\Java\jdk1.7.0_25
PATH=C:\Program Files (x86)\Java\jdk1.7.0_25\jre\bin;C:\Program Files (x86)\Java\jdk1.7.0_25\bin;C:\Program Files (x86)\Intel\TXE Components\TCS\;C:\Program Files\Intel\TXE Components\TCS\;C:\WINDOWS\system32;C:\WINDOWS;C:\WINDOWS\System32\Wbem;C:\WINDOWS\System32\WindowsPowerShell\v1.0\;C:\Program Files\Hewlett-Packard\SimplePass\;C:\Program Files (x86)\Java\jdk1.7.0_25/bin;C:\Program Files (x86)\Skype\Phone\;;C:\Users\WebDev\AppData\Local\Google\Cloud SDK\google-cloud-sdk\bin
USERNAME=WebDev
OS=Windows_NT
PROCESSOR_IDENTIFIER=Intel64 Family 6 Model 55 Stepping 8, GenuineIntel



---------------  S Y S T E M  ---------------

OS: Windows 8 , 64 bit Build 9200 

CPU:total 4 (4 cores per cpu, 1 threads per core) family 6 model 55 stepping 8, cmov, cx8, fxsr, mmx, sse, sse2, sse3, ssse3, sse4.1, sse4.2, popcnt, tsc, tscinvbit

Memory: 4k page, physical 4077840k(1408992k free), swap 5060880k(1385812k free)

vm_info: Java HotSpot(TM) Client VM (23.25-b01) for windows-x86 JRE (1.7.0_25-b17), built on Jun 21 2013 13:06:48 by "java_re" with unknown MS VC++:1600

time: Tue Apr 19 10:08:04 2016
elapsed time: 6773 seconds

