#
# A fatal error has been detected by the Java Runtime Environment:
#
#  EXCEPTION_ACCESS_VIOLATION (0xc0000005) at pc=0x0315861b, pid=11840, tid=8008
#
# JRE version: 7.0_25-b17
# Java VM: Java HotSpot(TM) Client VM (23.25-b01 mixed mode windows-x86 )
# Problematic frame:
# j  com.bestqualified.util.SignedRequestsHelper.canonicalize(Ljava/util/SortedMap;)Ljava/lang/String;+133
#
# Failed to write core dump. Minidumps are not enabled by default on client versions of Windows
#
# If you would like to submit a bug report, please visit:
#   http://bugreport.sun.com/bugreport/crash.jsp
#

---------------  T H R E A D  ---------------

Current thread (0x2a886c00):  JavaThread "24178666@qtp-3127904-7" [_thread_in_Java, id=8008, stack(0x2c310000,0x2c360000)]

siginfo: ExceptionCode=0xc0000005, reading address 0x0a0c0105

Registers:
EAX=0x25147b58, EBX=0x00000036, ECX=0x26d1fc40, EDX=0x0a0c0101
ESP=0x2c35e8f4, EBP=0x2c35e91c, ESI=0x26d20d6a, EDI=0x2c35e934
EIP=0x0315861b, EFLAGS=0x00010246

Top of Stack: (sp=0x2c35e8f4)
0x2c35e8f4:   057410c0 05922ce0 2c35e8fc 26d20d65
0x2c35e904:   2c35e934 26d21378 00000000 26d20df8
0x2c35e914:   00000000 2c35e930 2c35e958 031434da
0x2c35e924:   05922bc0 05922d70 05922ce0 05922b20
0x2c35e934:   057410c0 2c35e938 26d207e9 2c35e97c
0x2c35e944:   26d21378 00000000 26d208e0 2c35e930
0x2c35e954:   2c35e978 2c35e9a8 031434da 00000000
0x2c35e964:   00000000 00000000 00000000 00000000 

Instructions: (pc=0x0315861b)
0x031585fb:   8b 87 48 01 00 00 c7 87 48 01 00 00 00 00 00 00
0x0315860b:   8b 75 e4 8b 7d e8 c3 5a eb 06 8b d0 8b 44 99 28
0x0315861b:   8b 5a 04 3b d8 0f 84 34 00 00 00 8b 48 10 3b 04
0x0315862b:   0b 0f 84 28 00 00 00 83 f9 18 0f 85 19 00 00 00 


Register to memory mapping:

EAX=0x25147b58 is an oop
{instance class} 
 - klass: {other class}
EBX=0x00000036 is an unknown value
ECX=0x26d1fc40 is an oop
{constant pool} 
 - klass: {other class}
 - holder: 0x26d211f0
 - cache: 0x26d21378
 -   1 :  : 'com/bestqualified/util/SignedRequestsHelper'
 -   2 :  : 'com/bestqualified/util/SignedRequestsHelper' {0x26d211f0}
 -   3 :  : 'java/lang/Object'
 -   4 :  : 'java/lang/Object' {0x25141be8}
 -   5 :  : 'SignedRequestsHelper.java'
 -   6 :  : 'java/util/Map$Entry'
 -   7 :  : 'java/util/Map$Entry' {0x251ea080}
 -   8 :  : 'java/util/Map'
 -   9 :  : 'java/util/Map' {0x2516c7c8}
 -  10 :  : 'Entry'
 -  11 :  : 'UTF8_CHARSET'
 -  12 :  : 'Ljava/lang/String;'
 -  13 :  : 'UTF-8'
 -  14 :  : "UTF-8" {0xfbe7258}
 -  15 :  : 'HMAC_SHA256_ALGORITHM'
 -  16 :  : 'HmacSHA256'
 -  17 :  : "HmacSHA256" {0xfd0a3e0}
 -  18 :  : 'REQUEST_URI'
 -  19 :  : '/onca/xml'
 -  20 :  : "/onca/xml" {0x10dc0418}
 -  21 :  : 'REQUEST_METHOD'
 -  22 :  : 'GET'
 -  23 :  : "GET" {0xfc698a8}
 -  24 :  : 'endpoint'
 -  25 :  : 'awsAccessKeyId'
 -  26 :  : 'awsSecretKey'
 -  27 :  : 'secretKeySpec'
 -  28 :  : 'Ljavax/crypto/spec/SecretKeySpec;'
 -  29 :  : 'mac'
 -  30 :  : 'Ljavax/crypto/Mac;'
 -  31 :  : 'getInstance'
 -  32 :  : '(Ljava/lang/String;Ljava/lang/String;Ljava/lang/String;)Lcom/bestqualified/util/SignedRequestsHelper;'
 -  33 :  : 'java/lang/IllegalArgumentException'
 -  34 :  : 'java/lang/IllegalArgumentException'
 -  35 :  : 'java/io/UnsupportedEncodingException'
 -  36 :  : 'java/io/UnsupportedEncodingException' {0x2568ae80}
 -  37 :  : 'java/security/NoSuchAlgorithmException'
 -  38 :  : 'java/security/NoSuchAlgorithmException'
 -  39 :  : 'java/security/InvalidKeyException'
 -  40 :  : 'java/security/InvalidKeyException'
 -  41 :  : 'java.lang.String'
 -  42 :  : "java.lang.String" {0xfbe6478}
 -  43 :  : 'com.bestqualified.util.SignedRequestsHelper'
 -  44 :  : "com.bestqualified.util.SignedRequestsHelper" {0x10dbfec0}
 -  45 :  : 'file:/C:/Users/WebDev/sm/best-qualified001/war/WEB-INF/classes/'
 -  46 :  : "file:/C:/Users/WebDev/sm/best-qualified001/war/WEB-INF/classes/" {0x102f94b0}
 -  47 :  : 'com/google/appengine/tools/development/agent/runtime/Runtime'
 -  48 :  : 'com/google/appengine/tools/development/agent/runtime/Runtime' {0x25bd8cc8}
 -  49 :  : 'checkRestricted'
 -  50 :  : '(ZLjava/lang/String;Ljava/lang/String;Ljava/lang/String;)V'
 -  51 :  : name_index=49 signature_index=50
 -  52 :  : klass_index=48 name_and_type_index=51
 -  53 :  : 'java/lang/String'
 -  54 :  : 'java/lang/String' {0x25147b58}
 -  55 :  : 'length'
 -  56 :  : '()I'
 -  57 :  : name_index=55 signature_index=56
 -  58 :  : klass_index=54 name_and_type_index=57
 -  59 :  : 'endpoint is null or empty'
 -  60 :  : "endpoint is null or empty" {0x59270f8}
 -  61 :  : 'java.lang.IllegalArgumentException'
 -  62 :  : "java.lang.IllegalArgumentException" {0xfd93418}
 -  63 :  : '<init>'
 -  64 :  : '(Ljava/lang/String;)V'
 -  65 :  : name_index=63 signature_index=64
 -  66 :  : klass_index=34 name_and_type_index=65
 -  67 :  : 'awsAccessKeyId is null or empty'
 -  68 :  : "awsAccessKeyId is null or empty" {0x5927150}
 -  69 :  : 'awsSecretKey is null or empty'
 -  70 :  : "awsSecretKey is null or empty" {0x59271b8}
 -  71 :  : '()V'
 -  72 :  : name_index=63 signature_index=71
 -  73 :  : klass_index=2 name_and_type_index=72
 -  74 :  : 'toLowerCase'
 -  75 :  : '()Ljava/lang/String;'
 -  76 :  : name_index=74 signature_index=75
 -  77 :  : klass_index=54 name_and_type_index=76
 -  78 :  : name_index=24 signature_index=12
 -  79 :  : klass_index=2 name_and_type_index=78
 -  80 :  : name_index=25 signature_index=12
 -  81 :  : klass_index=2 name_and_type_index=80
 -  82 :  : name_index=26 signature_index=12
 -  83 :  : klass_index=2 name_and_type_index=82
 -  84 :  : 'getBytes'
 -  85 :  : '(Ljava/lang/String;)[B'
 -  86 :  : name_index=84 signature_index=85
 -  87 :  : klass_index=54 name_and_type_index=86
 -  88 :  : 'javax/crypto/spec/SecretKeySpec'
 -  89 :  : 'javax/crypto/spec/SecretKeySpec' {0x256131b8}
 -  90 :  : 'javax.crypto.spec.SecretKeySpec'
 -  91 :  : "javax.crypto.spec.SecretKeySpec" {0xffaef48}
 -  92 :  : '([BLjava/lang/String;)V'
 -  93 :  : name_index=63 signature_index=92
 -  94 :  : klass_index=89 name_and_type_index=93
 -  95 :  : name_index=27 signature_index=28
 -  96 :  : klass_index=2 name_and_type_index=95
 -  97 :  : 'javax.crypto.Mac'
 -  98 :  : "javax.crypto.Mac" {0xffac290}
 -  99 :  : 'javax/crypto/Mac'
 - 100 :  : 'javax/crypto/Mac' {0x25692828}
 - 101 :  : '(Ljava/lang/String;)Ljavax/crypto/Mac;'
 - 102 :  : name_index=31 signature_index=101
 - 103 :  : klass_index=100 name_and_type_index=102
 - 104 :  : name_index=29 signature_index=30
 - 105 :  : klass_index=2 name_and_type_index=104
 - 106 :  : 'init'
 - 107 :  : '(Ljava/security/Key;)V'
 - 108 :  : name_index=106 signature_index=107
 - 109 :  : klass_index=100 name_and_type_index=108
 - 110 :  : 'instance'
 - 111 :  : 'Lcom/bestqualified/util/SignedRequestsHelper;'
 - 112 :  : 'secretyKeyBytes'
 - 113 :  : '[B'
 - 114 :  : 'java.lang.Object'
 - 115 :  : "java.lang.Object" {0xfbe82f0}
 - 116 :  : klass_index=4 name_and_type_index=72
 - 117 :  : 'this'
 - 118 :  : 'sign'
 - 119 :  : '(Ljava/util/Map;)Ljava/lang/String;'
 - 120 :  : 'AWSAccessKeyId'
 - 121 :  : "AWSAccessKeyId" {0x10dcec90}
 - 122 :  : 'java.util.Map'
 - 123 :  : "java.util.Map" {0xfd93238}
 - 124 :  : 'put'
 - 125 :  : '(Ljava/lang/Object;Ljava/lang/Object;)Ljava/lang/Object;'
 - 126 :  : name_index=124 signature_index=125
 - 127 :  : klass_index=9 name_and_type_index=126
 - 128 :  : 'Timestamp'
 - 129 :  : "Timestamp" {0x10dceed0}
 - 130 :  : 'timestamp'
 - 131 :  : name_index=130 signature_index=75
 - 132 :  : klass_index=2 name_and_type_index=131
 - 133 :  : 'java/util/TreeMap'
 - 134 :  : 'java/util/TreeMap' {0x25358d58}
 - 135 :  : 'java.util.TreeMap'
 - 136 :  : "java.util.TreeMap" {0xfe5b230}
 - 137 :  : '(Ljava/util/Map;)V'
 - 138 :  : name_index=63 signature_index=137
 - 139 :  : klass_index=134 name_and_type_index=138
 - 140 :  : 'canonicalize'
 - 141 :  : '(Ljava/util/SortedMap;)Ljava/lang/String;'
 - 142 :  : name_index=140 signature_index=141
 - 143 :  : klass_index=2 name_and_type_index=142
 - 144 :  : 'java/lang/StringBuilder'
 - 145 :  : 'java/lang/StringBuilder' {0x2519fa60}
 - 146 :  : 'GET
'
 - 147 :  : "GET
" {0x10de8870}
 - 148 :  : 'java.lang.StringBuilder'
 - 149 :  : "java.lang.StringBuilder" {0xfe06980}
 - 150 :  : klass_index=145 name_and_type_index=65
 - 151 :  : 'append'
 - 152 :  : '(Ljava/lang/String;)Ljava/lang/StringBuilder;'
 - 153 :  : name_index=151 signature_index=152
 - 154 :  : klass_index=145 name_and_type_index=153
 - 155 :  : '
'
 - 156 :  : "
" {0xfc5f4e0}
 - 157 :  : 'toString'
 - 158 :  : name_index=157 signature_index=75
 - 159 :  : klass_index=145 name_and_type_index=158
 - 160 :  : 'hmac'
 - 161 :  : '(Ljava/lang/String;)Ljava/lang/String;'
 - 162 :  : name_index=160 signature_index=161
 - 163 :  : klass_index=2 name_and_type_index=162
 - 164 :  : 'percentEncodeRfc3986'
 - 165 :  : name_index=164 signature_index=161
 - 166 :  : klass_index=2 name_and_type_index=165
 - 167 :  : 'http://'
 - 168 :  : "http://" {0x106c6e80}
 - 169 :  : '?'
 - 170 :  : "?" {0xfc60068}
 - 171 :  : '&Signature='
 - 172 :  : "&Signature=" {0x10dff678}
 - 173 :  : 'params'
 - 174 :  : 'Ljava/util/Map<Ljava/lang/String;Ljava/lang/String;>;'
 - 175 :  : 'Ljava/util/Map;'
 - 176 :  : 'sortedParamMap'
 - 177 :  : 'Ljava/util/SortedMap<Ljava/lang/String;Ljava/lang/String;>;'
 - 178 :  : 'Ljava/util/SortedMap;'
 - 179 :  : 'canonicalQS'
 - 180 :  : 'toSign'
 - 181 :  : 'sig'
 - 182 :  : 'url'
 - 183 :  : 'createParameterMap'
 - 184 :  : '(Ljava/lang/String;)Ljava/util/Map;'
 - 185 :  : name_index=183 signature_index=184
 - 186 :  : klass_index=2 name_and_type_index=185
 - 187 :  : name_index=118 signature_index=119
 - 188 :  : klass_index=2 name_and_type_index=187
 - 189 :  : 'queryString'
 - 190 :  : 'doFinal'
 - 191 :  : '([B)[B'
 - 192 :  : name_index=190 signature_index=191
 - 193 :  : klass_index=100 name_and_type_index=192
 - 194 :  : 'org/apache/commons/codec/binary/Base64'
 - 195 :  : 'org/apache/commons/codec/binary/Base64' {0x26d30e00}
 - 196 :  : 'org.apache.commons.codec.binary.Base64'
 - 197 :  : "org.apache.commons.codec.binary.Base64" {0x10dfcf98}
 - 198 :  : klass_index=195 name_and_type_index=72
 - 199 :  : 'encode'
 - 200 :  : name_index=199 signature_index=191
 - 201 :  : klass_index=195 name_and_type_index=200
 - 202 :  : '([B)V'
 - 203 :  : name_index=63 signature_index=202
 - 204 :  : klass_index=54 name_and_type_index=203
 - 205 :  : 'java/lang/RuntimeException'
 - 206 :  : 'java/lang/RuntimeException'
 - 207 :  : 'UTF-8 is unsupported!'
 - 208 :  : "UTF-8 is unsupported!" {0x5927218}
 - 209 :  : 'java.lang.RuntimeException'
 - 210 :  : "java.lang.RuntimeException" {0xfd93f70}
 - 211 :  : '(Ljava/lang/String;Ljava/lang/Throwable;)V'
 - 212 :  : name_index=63 signature_index=211
 - 213 :  : klass_index=206 name_and_type_index=212
 - 214 :  : '[B'
 - 215 :  : 'stringToSign'
 - 216 :  : 'signature'
 - 217 :  : 'data'
 - 218 :  : 'rawHmac'
 - 219 :  : 'encoder'
 - 220 :  : 'Lorg/apache/commons/codec/binary/Base64;'
 - 221 :  : 'e'
 - 222 :  : 'Ljava/io/UnsupportedEncodingException;'
 - 223 :  : 'java.util.Calendar'
 - 224 :  : "java.util.Calendar" {0xffaf608}
 - 225 :  : 'java/util/Calendar'
 - 226 :  : 'java/util/Calendar' {0x253e7e30}
 - 227 :  : '()Ljava/util/Calendar;'
 - 228 :  : name_index=31 signature_index=227
 - 229 :  : klass_index=226 name_and_type_index=228
 - 230 :  : 'java/text/SimpleDateFormat'
 - 231 :  : 'java/text/SimpleDateFormat' {0x25f33028}
 - 232 :  : 'yyyy-MM-dd'T'HH:mm:ss'Z''
 - 233 :  : "yyyy-MM-dd'T'HH:mm:ss'Z'" {0x10dcef08}
 - 234 :  : 'java.text.SimpleDateFormat'
 - 235 :  : "java.text.SimpleDateFormat" {0xffaffe0}
 - 236 :  : klass_index=231 name_and_type_index=65
 - 237 :  : 'GMT'
 - 238 :  : "GMT" {0xfc60380}
 - 239 :  : 'java.util.TimeZone'
 - 240 :  : "java.util.TimeZone" {0xfe68480}
 - 241 :  : 'java/util/TimeZone'
 - 242 :  : 'java/util/TimeZone' {0x253ea918}
 - 243 :  : 'getTimeZone'
 - 244 :  : '(Ljava/lang/String;)Ljava/util/TimeZone;'
 - 245 :  : name_index=243 signature_index=244
 - 246 :  : klass_index=242 name_and_type_index=245
 - 247 :  : 'java.text.DateFormat'
 - 248 :  : "java.text.DateFormat" {0xffad328}
 - 249 :  : 'java/text/DateFormat'
 - 250 :  : 'java/text/DateFormat' {0x25f32da0}
 - 251 :  : 'setTimeZone'
 - 252 :  : '(Ljava/util/TimeZone;)V'
 - 253 :  : name_index=251 signature_index=252
 - 254 :  : klass_index=250 name_and_type_index=253
 - 255 :  : 'getTime'
 - 256 :  : '()Ljava/util/Date;'
 - 257 :  : name_index=255 signature_index=256
 - 258 :  : klass_index=226 name_and_type_index=257
 - 259 :  : 'format'
 - 260 :  : '(Ljava/util/Date;)Ljava/lang/String;'
 - 261 :  : name_index=259 signature_index=260
 - 262 :  : klass_index=250 name_and_type_index=261
 - 263 :  : 'cal'
 - 264 :  : 'Ljava/util/Calendar;'
 - 265 :  : 'dfm'
 - 266 :  : 'Ljava/text/DateFormat;'
 - 267 :  : 'java.util.SortedMap'
 - 268 :  : "java.util.SortedMap" {0xfe5b830}
 - 269 :  : 'java/util/SortedMap'
 - 270 :  : 'java/util/SortedMap' {0x253516e8}
 - 271 :  : 'isEmpty'
 - 272 :  : '()Z'
 - 273 :  : name_index=271 signature_index=272
 - 274 :  : klass_index=270 name_and_type_index=273
 - 275 :  : ''
 - 276 :  : "" {0xfbe5588}
 - 277 :  : 'java/lang/StringBuffer'
 - 278 :  : 'java/lang/StringBuffer' {0x2519b9e8}
 - 279 :  : 'java.lang.StringBuffer'
 - 280 :  : "java.lang.StringBuffer" {0xfe68618}
 - 281 :  : klass_index=278 name_and_type_index=72
 - 282 :  : 'entrySet'
 - 283 :  : '()Ljava/util/Set;'
 - 284 :  : name_index=282 signature_index=283
 - 285 :  : klass_index=270 name_and_type_index=284
 - 286 :  : 'java.util.Set'
 - 287 :  : "java.util.Set" {0xfdeee18}
 - 288 :  : 'java/util/Set'
 - 289 :  : 'java/util/Set' {0x251da658}
 - 290 :  : 'iterator'
 - 291 :  : '()Ljava/util/Iterator;'
 - 292 :  : name_index=290 signature_index=291
 - 293 :  : klass_index=289 name_and_type_index=292
 - 294 :  : 'java/util/Iterator'
 - 295 :  : 'java/util/Iterator' {0x251ef718}
 - 296 :  : 'java.util.Iterator'
 - 297 :  : "java.util.Iterator" {0xfd94300}
 - 298 :  : 'next'
 - 299 :  : '()Ljava/lang/Object;'
 - 300 :  : name_index=298 signature_index=299
 - 301 :  : klass_index=295 name_and_type_index=300
 - 302 :  : 'java.util.Map$Entry'
 - 303 :  : "java.util.Map$Entry" {0xfd93490}
 - 304 :  : 'getKey'
 - 305 :  : name_index=304 signature_index=299
 - 306 :  : klass_index=7 name_and_type_index=305
 - 307 :  : '(Ljava/lang/String;)Ljava/lang/StringBuffer;'
 - 308 :  : name_index=151 signature_index=307
 - 309 :  : klass_index=278 name_and_type_index=308
 - 310 :  : '='
 - 311 :  : "=" {0xfbe6040}
 - 312 :  : 'getValue'
 - 313 :  : name_index=312 signature_index=299
 - 314 :  : klass_index=7 name_and_type_index=313
 - 315 :  : 'hasNext'
 - 316 :  : name_index=315 signature_index=272
 - 317 :  : klass_index=295 name_and_type_index=316
 - 318 :  : '&'
 - 319 :  : "&" {0x104ad8b8}
 - 320 :  : klass_index=278 name_and_type_index=158
 - 321 :  : 'buffer'
 - 322 :  : 'Ljava/lang/StringBuffer;'
 - 323 :  : 'iter'
 - 324 :  : 'Ljava/util/Iterator<Ljava/util/Map$Entry<Ljava/lang/String;Ljava/lang/String;>;>;'
 - 325 :  : 'Ljava/util/Iterator;'
 - 326 :  : 'kvpair'
 - 327 :  : 'Ljava/util/Map$Entry<Ljava/lang/String;Ljava/lang/String;>;'
 - 328 :  : 'Ljava/util/Map$Entry;'
 - 329 :  : 'cannoical'
 - 330 :  : 'java.net.URLEncoder'
 - 331 :  : "java.net.URLEncoder" {0xffab708}
 - 332 :  : 'java/net/URLEncoder'
 - 333 :  : 'java/net/URLEncoder' {0x26d229e8}
 - 334 :  : '(Ljava/lang/String;Ljava/lang/String;)Ljava/lang/String;'
 - 335 :  : name_index=199 signature_index=334
 - 336 :  : klass_index=333 name_and_type_index=335
 - 337 :  : '+'
 - 338 :  : "+" {0x104631f0}
 - 339 :  : '%20'
 - 340 :  : "%20" {0x10451af0}
 - 341 :  : 'replace'
 - 342 :  : '(Ljava/lang/CharSequence;Ljava/lang/CharSequence;)Ljava/lang/String;'
 - 343 :  : name_index=341 signature_index=342
 - 344 :  : klass_index=54 name_and_type_index=343
 - 345 :  : '*'
 - 346 :  : "*" {0xfbe5e60}
 - 347 :  : '%2A'
 - 348 :  : "%2A" {0x10dcf028}
 - 349 :  : '%7E'
 - 350 :  : "%7E" {0x10dcf058}
 - 351 :  : '~'
 - 352 :  : "~" {0xfe2ad70}
 - 353 :  : 's'
 - 354 :  : 'out'
 - 355 :  : 'java/util/HashMap'
 - 356 :  : 'java/util/HashMap'
 - 357 :  : 'java.util.HashMap'
 - 358 :  : "java.util.HashMap" {0xfd940d8}
 - 359 :  : klass_index=356 name_and_type_index=72
 - 360 :  : 'split'
 - 361 :  : '(Ljava/lang/String;)[Ljava/lang/String;'
 - 362 :  : name_index=360 signature_index=361
 - 363 :  : klass_index=54 name_and_type_index=362
 - 364 :  : '[Ljava/lang/String;'
 - 365 :  : '[Ljava/lang/String;'
 - 366 :  : '(Ljava/lang/String;I)[Ljava/lang/String;'
 - 367 :  : name_index=360 signature_index=366
 - 368 :  : klass_index=54 name_and_type_index=367
 - 369 :  : 'java.net.URLDecoder'
 - 370 :  : "java.net.URLDecoder" {0xffb0ad8}
 - 371 :  : 'java/net/URLDecoder'
 - 372 :  : 'java/net/URLDecoder'
 - 373 :  : 'decode'
 - 374 :  : name_index=373 signature_index=334
 - 375 :  : klass_index=372 name_and_type_index=374
 - 376 :  : 'charAt'
 - 377 :  : '(I)C'
 - 378 :  : name_index=376 signature_index=377
 - 379 :  : klass_index=54 name_and_type_index=378
 - 380 :  : 'map'
 - 381 :  : 'pairs'
 - 382 :  : 'pair'
 - 383 :  : 'tokens'
 - 384 :  : 'j'
 - 385 :  : 'I'
 - 386 :  : 'ConstantValue'
 - 387 :  : 'Code'
 - 388 :  : 'LocalVariableTable'
 - 389 :  : 'LineNumberTable'
 - 390 :  : 'StackMapTable'
 - 391 :  : 'Exceptions'
 - 392 :  : 'LocalVariableTypeTable'
 - 393 :  : 'Signature'
 - 394 :  : '(Ljava/util/Map<Ljava/lang/String;Ljava/lang/String;>;)Ljava/lang/String;'
 - 395 :  : '(Ljava/util/SortedMap<Ljava/lang/String;Ljava/lang/String;>;)Ljava/lang/String;'
 - 396 :  : '(Ljava/lang/String;)Ljava/util/Map<Ljava/lang/String;Ljava/lang/String;>;'
 - 397 :  : 'SourceFile'
 - 398 :  : 'InnerClasses'

EDX=0x0a0c0101 is an unallocated location in the heap
ESP=0x2c35e8f4 is pointing into the stack for thread: 0x2a886c00
EBP=0x2c35e91c is pointing into the stack for thread: 0x2a886c00
ESI=0x26d20d6a is an oop
{constMethod} 
 - klass: {other class}
 - method:       0x26d20df8 {method} 'canonicalize' '(Ljava/util/SortedMap;)Ljava/lang/String;' in 'com/bestqualified/util/SignedRequestsHelper'
 - exceptions:   0x25141128
 - stackmap data:       [B
bci_from(26D20D6A) = 138; print_codes():
EDI=0x2c35e934 is pointing into the stack for thread: 0x2a886c00


Stack: [0x2c310000,0x2c360000],  sp=0x2c35e8f4,  free space=314k
Native frames: (J=compiled Java code, j=interpreted, Vv=VM code, C=native code)
j  com.bestqualified.util.SignedRequestsHelper.canonicalize(Ljava/util/SortedMap;)Ljava/lang/String;+133
j  com.bestqualified.util.SignedRequestsHelper.sign(Ljava/util/Map;)Ljava/lang/String;+57
j  com.bestqualified.servlets.GetReadingList.doGet(Ljavax/servlet/http/HttpServletRequest;Ljavax/servlet/http/HttpServletResponse;)V+432
j  javax.servlet.http.HttpServlet.service(Ljavax/servlet/http/HttpServletRequest;Ljavax/servlet/http/HttpServletResponse;)V+35
j  javax.servlet.http.HttpServlet.service(Ljavax/servlet/ServletRequest;Ljavax/servlet/ServletResponse;)V+30
j  org.mortbay.jetty.servlet.ServletHolder.handle(Ljavax/servlet/ServletRequest;Ljavax/servlet/ServletResponse;)V+179
j  org.mortbay.jetty.servlet.ServletHandler$CachedChain.doFilter(Ljavax/servlet/ServletRequest;Ljavax/servlet/ServletResponse;)V+103
j  com.google.appengine.api.socket.dev.DevSocketFilter.doFilter(Ljavax/servlet/ServletRequest;Ljavax/servlet/ServletResponse;Ljavax/servlet/FilterChain;)V+12
j  org.mortbay.jetty.servlet.ServletHandler$CachedChain.doFilter(Ljavax/servlet/ServletRequest;Ljavax/servlet/ServletResponse;)V+53
j  com.google.appengine.tools.development.ResponseRewriterFilter.doFilter(Ljavax/servlet/ServletRequest;Ljavax/servlet/ServletResponse;Ljavax/servlet/FilterChain;)V+54
j  org.mortbay.jetty.servlet.ServletHandler$CachedChain.doFilter(Ljavax/servlet/ServletRequest;Ljavax/servlet/ServletResponse;)V+53
j  com.google.appengine.tools.development.HeaderVerificationFilter.doFilter(Ljavax/servlet/ServletRequest;Ljavax/servlet/ServletResponse;Ljavax/servlet/FilterChain;)V+12
j  org.mortbay.jetty.servlet.ServletHandler$CachedChain.doFilter(Ljavax/servlet/ServletRequest;Ljavax/servlet/ServletResponse;)V+53
j  com.google.appengine.api.blobstore.dev.ServeBlobFilter.doFilter(Ljavax/servlet/ServletRequest;Ljavax/servlet/ServletResponse;Ljavax/servlet/FilterChain;)V+17
j  org.mortbay.jetty.servlet.ServletHandler$CachedChain.doFilter(Ljavax/servlet/ServletRequest;Ljavax/servlet/ServletResponse;)V+53
j  com.google.apphosting.utils.servlet.TransactionCleanupFilter.doFilter(Ljavax/servlet/ServletRequest;Ljavax/servlet/ServletResponse;Ljavax/servlet/FilterChain;)V+3
j  org.mortbay.jetty.servlet.ServletHandler$CachedChain.doFilter(Ljavax/servlet/ServletRequest;Ljavax/servlet/ServletResponse;)V+53
j  com.google.appengine.tools.development.StaticFileFilter.doFilter(Ljavax/servlet/ServletRequest;Ljavax/servlet/ServletResponse;Ljavax/servlet/FilterChain;)V+272
j  org.mortbay.jetty.servlet.ServletHandler$CachedChain.doFilter(Ljavax/servlet/ServletRequest;Ljavax/servlet/ServletResponse;)V+53
j  com.google.appengine.tools.development.DevAppServerModulesFilter.doDirectRequest(Ljava/lang/String;ILjavax/servlet/http/HttpServletRequest;Ljavax/servlet/http/HttpServletResponse;Ljavax/servlet/FilterChain;)V+117
j  com.google.appengine.tools.development.DevAppServerModulesFilter.doDirectModuleRequest(Ljavax/servlet/http/HttpServletRequest;Ljavax/servlet/http/HttpServletResponse;Ljavax/servlet/FilterChain;)V+31
j  com.google.appengine.tools.development.DevAppServerModulesFilter.doFilter(Ljavax/servlet/ServletRequest;Ljavax/servlet/ServletResponse;Ljavax/servlet/FilterChain;)V+74
j  org.mortbay.jetty.servlet.ServletHandler$CachedChain.doFilter(Ljavax/servlet/ServletRequest;Ljavax/servlet/ServletResponse;)V+53
j  org.mortbay.jetty.servlet.ServletHandler.handle(Ljava/lang/String;Ljavax/servlet/http/HttpServletRequest;Ljavax/servlet/http/HttpServletResponse;I)V+470
j  org.mortbay.jetty.security.SecurityHandler.handle(Ljava/lang/String;Ljavax/servlet/http/HttpServletRequest;Ljavax/servlet/http/HttpServletResponse;I)V+299
j  org.mortbay.jetty.servlet.SessionHandler.handle(Ljava/lang/String;Ljavax/servlet/http/HttpServletRequest;Ljavax/servlet/http/HttpServletResponse;I)V+225
j  org.mortbay.jetty.handler.ContextHandler.handle(Ljava/lang/String;Ljavax/servlet/http/HttpServletRequest;Ljavax/servlet/http/HttpServletResponse;I)V+714
j  org.mortbay.jetty.webapp.WebAppContext.handle(Ljava/lang/String;Ljavax/servlet/http/HttpServletRequest;Ljavax/servlet/http/HttpServletResponse;I)V+25
j  com.google.appengine.tools.development.DevAppEngineWebAppContext.handle(Ljava/lang/String;Ljavax/servlet/http/HttpServletRequest;Ljavax/servlet/http/HttpServletResponse;I)V+68
j  org.mortbay.jetty.handler.HandlerWrapper.handle(Ljava/lang/String;Ljavax/servlet/http/HttpServletRequest;Ljavax/servlet/http/HttpServletResponse;I)V+23
j  com.google.appengine.tools.development.JettyContainerService$ApiProxyHandler.handle(Ljava/lang/String;Ljavax/servlet/http/HttpServletRequest;Ljavax/servlet/http/HttpServletResponse;I)V+191
j  org.mortbay.jetty.handler.HandlerWrapper.handle(Ljava/lang/String;Ljavax/servlet/http/HttpServletRequest;Ljavax/servlet/http/HttpServletResponse;I)V+23
j  org.mortbay.jetty.Server.handle(Lorg/mortbay/jetty/HttpConnection;)V+114
j  org.mortbay.jetty.HttpConnection.handleRequest()V+138
j  org.mortbay.jetty.HttpConnection$RequestHandler.headerComplete()V+438
J  org.mortbay.jetty.HttpParser.parseNext()J
j  org.mortbay.jetty.HttpConnection.handle()V+124
j  org.mortbay.io.nio.SelectChannelEndPoint.run()V+4
j  org.mortbay.thread.QueuedThreadPool$PoolThread.run()V+25
v  ~StubRoutines::call_stub
V  [jvm.dll+0x124afa]
V  [jvm.dll+0x1d224e]
V  [jvm.dll+0x124caf]
V  [jvm.dll+0x124d17]
V  [jvm.dll+0xcf06f]
V  [jvm.dll+0x144447]
V  [jvm.dll+0x1445b0]
V  [jvm.dll+0x177bb9]
C  [msvcr100.dll+0x5c6de]  endthreadex+0x3a
C  [msvcr100.dll+0x5c788]  endthreadex+0xe4
C  [KERNEL32.DLL+0x138f4]  BaseThreadInitThunk+0x24
C  [ntdll.dll+0x65de3]  RtlUnicodeStringToInteger+0x253
C  [ntdll.dll+0x65dae]  RtlUnicodeStringToInteger+0x21e


---------------  P R O C E S S  ---------------

Java Threads: ( => current thread )
  0x2a884400 JavaThread "LocalDatastoreService-9" daemon [_thread_blocked, id=14504, stack(0x2c790000,0x2c7e0000)]
  0x2a888c00 JavaThread "LocalDatastoreService-8" daemon [_thread_blocked, id=12852, stack(0x2bda0000,0x2bdf0000)]
  0x2a884000 JavaThread "LocalDatastoreService-7" daemon [_thread_blocked, id=16908, stack(0x2ab80000,0x2abd0000)]
  0x2a88a800 JavaThread "LocalDatastoreService-6" daemon [_thread_blocked, id=8536, stack(0x2c1f0000,0x2c240000)]
  0x2a887000 JavaThread "LocalDatastoreService-5" daemon [_thread_blocked, id=11976, stack(0x29b00000,0x29b50000)]
  0x2a885800 JavaThread "LocalDatastoreService-4" daemon [_thread_blocked, id=6324, stack(0x01400000,0x01450000)]
  0x2a883800 JavaThread "LocalDatastoreService-3" daemon [_thread_blocked, id=7744, stack(0x2c700000,0x2c750000)]
=>0x2a886c00 JavaThread "24178666@qtp-3127904-7" [_thread_in_Java, id=8008, stack(0x2c310000,0x2c360000)]
  0x2a886000 JavaThread "18924305@qtp-3127904-6" [_thread_blocked, id=15604, stack(0x2c280000,0x2c2d0000)]
  0x2a894000 JavaThread "Java2D Disposer" daemon [_thread_blocked, id=1368, stack(0x2c0c0000,0x2c110000)]
  0x2a897400 JavaThread "LocalDatastoreService-2" daemon [_thread_blocked, id=8444, stack(0x2bf50000,0x2bfa0000)]
  0x2a896800 JavaThread "LocalDatastoreService-1" daemon [_thread_blocked, id=8728, stack(0x2bec0000,0x2bf10000)]
  0x2a896000 JavaThread "LocalDatastoreService-0" daemon [_thread_blocked, id=7408, stack(0x2be30000,0x2be80000)]
  0x2a895c00 JavaThread "Timer-1" daemon [_thread_blocked, id=11292, stack(0x2ad30000,0x2ad80000)]
  0x2a895400 JavaThread "Timer-0" daemon [_thread_blocked, id=3804, stack(0x2aca0000,0x2acf0000)]
  0x2a39d400 JavaThread "11127447@qtp-3127904-1 - Acceptor0 SelectChannelConnector@127.0.0.1:8888" [_thread_in_native, id=15268, stack(0x2ac10000,0x2ac60000)]
  0x295dd400 JavaThread "Service Thread" daemon [_thread_blocked, id=6200, stack(0x29dd0000,0x29e20000)]
  0x29523800 JavaThread "C1 CompilerThread0" daemon [_thread_blocked, id=13348, stack(0x29d40000,0x29d90000)]
  0x29498c00 JavaThread "JDWP Command Reader" daemon [_thread_in_native, id=17004, stack(0x29cb0000,0x29d00000)]
  0x29493c00 JavaThread "JDWP Event Helper Thread" daemon [_thread_blocked, id=16676, stack(0x29c20000,0x29c70000)]
  0x2948d800 JavaThread "JDWP Transport Listener: dt_socket" daemon [_thread_blocked, id=11344, stack(0x29b90000,0x29be0000)]
  0x29487800 JavaThread "Attach Listener" daemon [_thread_blocked, id=10072, stack(0x29710000,0x29760000)]
  0x29485400 JavaThread "Signal Dispatcher" daemon [_thread_blocked, id=17144, stack(0x29680000,0x296d0000)]
  0x03136000 JavaThread "Finalizer" daemon [_thread_blocked, id=11028, stack(0x293f0000,0x29440000)]
  0x03131000 JavaThread "Reference Handler" daemon [_thread_blocked, id=7172, stack(0x29360000,0x293b0000)]
  0x0106cc00 JavaThread "main" [_thread_blocked, id=16536, stack(0x01690000,0x016e0000)]

Other Threads:
  0x0312b800 VMThread [stack: 0x02ee0000,0x02f30000] [id=7320]
  0x29622c00 WatcherThread [stack: 0x29e60000,0x29eb0000] [id=7328]

VM state:not at safepoint (normal execution)

VM Mutex/Monitor currently owned by a thread: None

Heap
 def new generation   total 14272K, used 9404K [0x05140000, 0x060b0000, 0x0fbe0000)
  eden space 12736K,  63% used [0x05140000, 0x05928da0, 0x05db0000)
  from space 1536K,  84% used [0x05db0000, 0x05ef6278, 0x05f30000)
  to   space 1536K,   0% used [0x05f30000, 0x05f30000, 0x060b0000)
 tenured generation   total 31428K, used 19384K [0x0fbe0000, 0x11a91000, 0x25140000)
   the space 31428K,  61% used [0x0fbe0000, 0x10ece078, 0x10ece200, 0x11a91000)
 compacting perm gen  total 30208K, used 30080K [0x25140000, 0x26ec0000, 0x29140000)
   the space 30208K,  99% used [0x25140000, 0x26ea0060, 0x26ea0200, 0x26ec0000)
No shared spaces configured.

Card table byte_map: [0x29140000,0x29270000] byte_map_base: 0x29117600

Polling page: 0x014e0000

Code Cache  [0x03140000, 0x03620000, 0x05140000)
 total_blobs=2075 nmethods=1863 adapters=154 free_code_cache=27778Kb largest_free_block=28444736

Compilation events (10 events):
Event: 415.116 Thread 0x29523800 1863             org.mortbay.jetty.HttpURI::getDecodedPath (198 bytes)
Event: 415.118 Thread 0x29523800 nmethod 1863 0x0361c208 code [0x0361c3e0, 0x0361d004]
Event: 415.125 Thread 0x29523800 1864             org.mortbay.util.ByteArrayISO8859Writer::write (93 bytes)
Event: 415.127 Thread 0x29523800 nmethod 1864 0x0361dd88 code [0x0361dee0, 0x0361e20c]
Event: 415.127 Thread 0x29523800 1865             org.mortbay.jetty.handler.ErrorHandler::write (125 bytes)
Event: 415.128 Thread 0x29523800 nmethod 1865 0x0361e608 code [0x0361e7a0, 0x0361eaa0]
Event: 421.468 Thread 0x29523800 1866             java.nio.channels.spi.AbstractSelector::cancelledKeys (5 bytes)
Event: 421.468 Thread 0x29523800 nmethod 1866 0x0361ee48 code [0x0361ef40, 0x0361efc0]
Event: 433.301 Thread 0x29523800 1867             java.net.URI$Parser::checkChars (44 bytes)
Event: 433.302 Thread 0x29523800 nmethod 1867 0x0361f008 code [0x0361f150, 0x0361f43c]

GC Heap History (10 events):
Event: 82.260 GC heap before
{Heap before GC invocations=79 (full 5):
 def new generation   total 14272K, used 14271K [0x05140000, 0x060b0000, 0x0fbe0000)
  eden space 12736K, 100% used [0x05140000, 0x05db0000, 0x05db0000)
  from space 1536K,  99% used [0x05f30000, 0x060aff30, 0x060b0000)
  to   space 1536K,   0% used [0x05db0000, 0x05db0000, 0x05f30000)
 tenured generation   total 31428K, used 18975K [0x0fbe0000, 0x11a91000, 0x25140000)
   the space 31428K,  60% used [0x0fbe0000, 0x10e67db8, 0x10e67e00, 0x11a91000)
 compacting perm gen  total 29952K, used 29719K [0x25140000, 0x26e80000, 0x29140000)
   the space 29952K,  99% used [0x25140000, 0x26e45fc0, 0x26e46000, 0x26e80000)
No shared spaces configured.
Event: 82.266 GC heap after
Heap after GC invocations=80 (full 5):
 def new generation   total 14272K, used 244K [0x05140000, 0x060b0000, 0x0fbe0000)
  eden space 12736K,   0% used [0x05140000, 0x05140000, 0x05db0000)
  from space 1536K,  15% used [0x05db0000, 0x05ded398, 0x05f30000)
  to   space 1536K,   0% used [0x05f30000, 0x05f30000, 0x060b0000)
 tenured generation   total 31428K, used 19242K [0x0fbe0000, 0x11a91000, 0x25140000)
   the space 31428K,  61% used [0x0fbe0000, 0x10eaa920, 0x10eaaa00, 0x11a91000)
 compacting perm gen  total 29952K, used 29719K [0x25140000, 0x26e80000, 0x29140000)
   the space 29952K,  99% used [0x25140000, 0x26e45fc0, 0x26e46000, 0x26e80000)
No shared spaces configured.
}
Event: 82.428 GC heap before
{Heap before GC invocations=80 (full 5):
 def new generation   total 14272K, used 12980K [0x05140000, 0x060b0000, 0x0fbe0000)
  eden space 12736K, 100% used [0x05140000, 0x05db0000, 0x05db0000)
  from space 1536K,  15% used [0x05db0000, 0x05ded398, 0x05f30000)
  to   space 1536K,   0% used [0x05f30000, 0x05f30000, 0x060b0000)
 tenured generation   total 31428K, used 19242K [0x0fbe0000, 0x11a91000, 0x25140000)
   the space 31428K,  61% used [0x0fbe0000, 0x10eaa920, 0x10eaaa00, 0x11a91000)
 compacting perm gen  total 29952K, used 29720K [0x25140000, 0x26e80000, 0x29140000)
   the space 29952K,  99% used [0x25140000, 0x26e46080, 0x26e46200, 0x26e80000)
No shared spaces configured.
Event: 82.433 GC heap after
Heap after GC invocations=81 (full 5):
 def new generation   total 14272K, used 438K [0x05140000, 0x060b0000, 0x0fbe0000)
  eden space 12736K,   0% used [0x05140000, 0x05140000, 0x05db0000)
  from space 1536K,  28% used [0x05f30000, 0x05f9d968, 0x060b0000)
  to   space 1536K,   0% used [0x05db0000, 0x05db0000, 0x05f30000)
 tenured generation   total 31428K, used 19242K [0x0fbe0000, 0x11a91000, 0x25140000)
   the space 31428K,  61% used [0x0fbe0000, 0x10eaa920, 0x10eaaa00, 0x11a91000)
 compacting perm gen  total 29952K, used 29720K [0x25140000, 0x26e80000, 0x29140000)
   the space 29952K,  99% used [0x25140000, 0x26e46080, 0x26e46200, 0x26e80000)
No shared spaces configured.
}
Event: 82.869 GC heap before
{Heap before GC invocations=81 (full 5):
 def new generation   total 14272K, used 13174K [0x05140000, 0x060b0000, 0x0fbe0000)
  eden space 12736K, 100% used [0x05140000, 0x05db0000, 0x05db0000)
  from space 1536K,  28% used [0x05f30000, 0x05f9d968, 0x060b0000)
  to   space 1536K,   0% used [0x05db0000, 0x05db0000, 0x05f30000)
 tenured generation   total 31428K, used 19242K [0x0fbe0000, 0x11a91000, 0x25140000)
   the space 31428K,  61% used [0x0fbe0000, 0x10eaa920, 0x10eaaa00, 0x11a91000)
 compacting perm gen  total 29952K, used 29721K [0x25140000, 0x26e80000, 0x29140000)
   the space 29952K,  99% used [0x25140000, 0x26e467e0, 0x26e46800, 0x26e80000)
No shared spaces configured.
Event: 82.873 GC heap after
Heap after GC invocations=82 (full 5):
 def new generation   total 14272K, used 935K [0x05140000, 0x060b0000, 0x0fbe0000)
  eden space 12736K,   0% used [0x05140000, 0x05140000, 0x05db0000)
  from space 1536K,  60% used [0x05db0000, 0x05e99e88, 0x05f30000)
  to   space 1536K,   0% used [0x05f30000, 0x05f30000, 0x060b0000)
 tenured generation   total 31428K, used 19242K [0x0fbe0000, 0x11a91000, 0x25140000)
   the space 31428K,  61% used [0x0fbe0000, 0x10eaa920, 0x10eaaa00, 0x11a91000)
 compacting perm gen  total 29952K, used 29721K [0x25140000, 0x26e80000, 0x29140000)
   the space 29952K,  99% used [0x25140000, 0x26e467e0, 0x26e46800, 0x26e80000)
No shared spaces configured.
}
Event: 87.751 GC heap before
{Heap before GC invocations=82 (full 5):
 def new generation   total 14272K, used 13671K [0x05140000, 0x060b0000, 0x0fbe0000)
  eden space 12736K, 100% used [0x05140000, 0x05db0000, 0x05db0000)
  from space 1536K,  60% used [0x05db0000, 0x05e99e88, 0x05f30000)
  to   space 1536K,   0% used [0x05f30000, 0x05f30000, 0x060b0000)
 tenured generation   total 31428K, used 19242K [0x0fbe0000, 0x11a91000, 0x25140000)
   the space 31428K,  61% used [0x0fbe0000, 0x10eaa920, 0x10eaaa00, 0x11a91000)
 compacting perm gen  total 29952K, used 29749K [0x25140000, 0x26e80000, 0x29140000)
   the space 29952K,  99% used [0x25140000, 0x26e4d540, 0x26e4d600, 0x26e80000)
No shared spaces configured.
Event: 87.755 GC heap after
Heap after GC invocations=83 (full 5):
 def new generation   total 14272K, used 510K [0x05140000, 0x060b0000, 0x0fbe0000)
  eden space 12736K,   0% used [0x05140000, 0x05140000, 0x05db0000)
  from space 1536K,  33% used [0x05f30000, 0x05faf878, 0x060b0000)
  to   space 1536K,   0% used [0x05db0000, 0x05db0000, 0x05f30000)
 tenured generation   total 31428K, used 19384K [0x0fbe0000, 0x11a91000, 0x25140000)
   the space 31428K,  61% used [0x0fbe0000, 0x10ece078, 0x10ece200, 0x11a91000)
 compacting perm gen  total 29952K, used 29749K [0x25140000, 0x26e80000, 0x29140000)
   the space 29952K,  99% used [0x25140000, 0x26e4d540, 0x26e4d600, 0x26e80000)
No shared spaces configured.
}
Event: 348.124 GC heap before
{Heap before GC invocations=83 (full 5):
 def new generation   total 14272K, used 13231K [0x05140000, 0x060b0000, 0x0fbe0000)
  eden space 12736K,  99% used [0x05140000, 0x05dac5a0, 0x05db0000)
  from space 1536K,  33% used [0x05f30000, 0x05faf878, 0x060b0000)
  to   space 1536K,   0% used [0x05db0000, 0x05db0000, 0x05f30000)
 tenured generation   total 31428K, used 19384K [0x0fbe0000, 0x11a91000, 0x25140000)
   the space 31428K,  61% used [0x0fbe0000, 0x10ece078, 0x10ece200, 0x11a91000)
 compacting perm gen  total 30208K, used 29975K [0x25140000, 0x26ec0000, 0x29140000)
   the space 30208K,  99% used [0x25140000, 0x26e85c70, 0x26e85e00, 0x26ec0000)
No shared spaces configured.
Event: 348.131 GC heap after
Heap after GC invocations=84 (full 5):
 def new generation   total 14272K, used 1304K [0x05140000, 0x060b0000, 0x0fbe0000)
  eden space 12736K,   0% used [0x05140000, 0x05140000, 0x05db0000)
  from space 1536K,  84% used [0x05db0000, 0x05ef6278, 0x05f30000)
  to   space 1536K,   0% used [0x05f30000, 0x05f30000, 0x060b0000)
 tenured generation   total 31428K, used 19384K [0x0fbe0000, 0x11a91000, 0x25140000)
   the space 31428K,  61% used [0x0fbe0000, 0x10ece078, 0x10ece200, 0x11a91000)
 compacting perm gen  total 30208K, used 29975K [0x25140000, 0x26ec0000, 0x29140000)
   the space 30208K,  99% used [0x25140000, 0x26e85c70, 0x26e85e00, 0x26ec0000)
No shared spaces configured.
}

Deoptimization events (0 events):
No events

Internal exceptions (10 events):
Event: 83.530 Thread 0x2a886000 Threw 0x05cf37d0 at C:\jdk7u2_32P\jdk7u25\hotspot\src\share\vm\prims\jvm.cpp:1235
Event: 83.532 Thread 0x2a886000 Threw 0x05cf6778 at C:\jdk7u2_32P\jdk7u25\hotspot\src\share\vm\prims\jvm.cpp:1235
Event: 83.532 Thread 0x2a886000 Threw 0x05cf9bb8 at C:\jdk7u2_32P\jdk7u25\hotspot\src\share\vm\prims\jvm.cpp:1235
Event: 83.533 Thread 0x2a886000 Threw 0x05cfc6a8 at C:\jdk7u2_32P\jdk7u25\hotspot\src\share\vm\prims\jvm.cpp:1235
Event: 83.533 Thread 0x2a886000 Threw 0x05cfca20 at C:\jdk7u2_32P\jdk7u25\hotspot\src\share\vm\classfile\systemDictionary.cpp:179
Event: 83.533 Thread 0x2a886000 Threw 0x05d00da8 at C:\jdk7u2_32P\jdk7u25\hotspot\src\share\vm\prims\jvm.cpp:1235
Event: 83.535 Thread 0x2a886000 Threw 0x05d03ed0 at C:\jdk7u2_32P\jdk7u25\hotspot\src\share\vm\prims\jvm.cpp:1235
Event: 83.536 Thread 0x2a886000 Threw 0x05d07428 at C:\jdk7u2_32P\jdk7u25\hotspot\src\share\vm\prims\jvm.cpp:1235
Event: 83.536 Thread 0x2a886000 Threw 0x05d0a0a0 at C:\jdk7u2_32P\jdk7u25\hotspot\src\share\vm\prims\jvm.cpp:1235
Event: 83.537 Thread 0x2a886000 Threw 0x05d0a418 at C:\jdk7u2_32P\jdk7u25\hotspot\src\share\vm\classfile\systemDictionary.cpp:179

Events (10 events):
Event: 474.020 Executing VM operation: RevokeBias
Event: 474.020 Executing VM operation: RevokeBias done
Event: 474.021 Executing VM operation: RevokeBias
Event: 474.021 Executing VM operation: RevokeBias done
Event: 474.021 Executing VM operation: RevokeBias
Event: 474.021 Executing VM operation: RevokeBias done
Event: 474.024 Executing VM operation: RevokeBias
Event: 474.024 Executing VM operation: RevokeBias done
Event: 474.028 Executing VM operation: RevokeBias
Event: 474.028 Executing VM operation: RevokeBias done


Dynamic libraries:
0x01170000 - 0x0119f000 	C:\Program Files (x86)\Java\jdk1.7.0_25\bin\javaw.exe
0x777a0000 - 0x7791b000 	C:\WINDOWS\SYSTEM32\ntdll.dll
0x748b0000 - 0x74990000 	C:\WINDOWS\SYSTEM32\KERNEL32.DLL
0x75250000 - 0x753ce000 	C:\WINDOWS\SYSTEM32\KERNELBASE.dll
0x74f60000 - 0x74fdb000 	C:\WINDOWS\SYSTEM32\ADVAPI32.dll
0x74b60000 - 0x74c1e000 	C:\WINDOWS\SYSTEM32\msvcrt.dll
0x751a0000 - 0x751e4000 	C:\WINDOWS\SYSTEM32\sechost.dll
0x74e10000 - 0x74ebd000 	C:\WINDOWS\SYSTEM32\RPCRT4.dll
0x744d0000 - 0x744ee000 	C:\WINDOWS\SYSTEM32\SspiCli.dll
0x744c0000 - 0x744ca000 	C:\WINDOWS\SYSTEM32\CRYPTBASE.dll
0x751f0000 - 0x75248000 	C:\WINDOWS\SYSTEM32\bcryptPrimitives.dll
0x77650000 - 0x77797000 	C:\WINDOWS\SYSTEM32\USER32.dll
0x75a80000 - 0x75bcf000 	C:\WINDOWS\SYSTEM32\GDI32.dll
0x6bd10000 - 0x6bf1f000 	C:\WINDOWS\WinSxS\x86_microsoft.windows.common-controls_6595b64144ccf1df_6.0.10586.494_none_ea85e725b9ba5a4b\COMCTL32.dll
0x749a0000 - 0x74b5d000 	C:\WINDOWS\SYSTEM32\combase.dll
0x74700000 - 0x7472b000 	C:\WINDOWS\SYSTEM32\IMM32.DLL
0x67130000 - 0x671ee000 	C:\Program Files (x86)\Java\jdk1.7.0_25\jre\bin\msvcr100.dll
0x61360000 - 0x616a2000 	C:\Program Files (x86)\Java\jdk1.7.0_25\jre\bin\client\jvm.dll
0x74c30000 - 0x74c36000 	C:\WINDOWS\SYSTEM32\PSAPI.DLL
0x6e7a0000 - 0x6e7a8000 	C:\WINDOWS\SYSTEM32\WSOCK32.dll
0x6e840000 - 0x6e864000 	C:\WINDOWS\SYSTEM32\WINMM.dll
0x74850000 - 0x748af000 	C:\WINDOWS\SYSTEM32\WS2_32.dll
0x6e7f0000 - 0x6e813000 	C:\WINDOWS\SYSTEM32\WINMMBASE.dll
0x74dd0000 - 0x74e07000 	C:\WINDOWS\SYSTEM32\cfgmgr32.dll
0x676a0000 - 0x676ac000 	C:\Program Files (x86)\Java\jdk1.7.0_25\jre\bin\verify.dll
0x67680000 - 0x676a0000 	C:\Program Files (x86)\Java\jdk1.7.0_25\jre\bin\java.dll
0x6adf0000 - 0x6ae1a000 	C:\Program Files (x86)\Java\jdk1.7.0_25\jre\bin\jdwp.dll
0x6ade0000 - 0x6ade7000 	C:\Program Files (x86)\Java\jdk1.7.0_25\jre\bin\npt.dll
0x6ac30000 - 0x6ac50000 	C:\Program Files (x86)\Java\jdk1.7.0_25\jre\bin\instrument.dll
0x67660000 - 0x67673000 	C:\Program Files (x86)\Java\jdk1.7.0_25\jre\bin\zip.dll
0x6ac20000 - 0x6ac28000 	C:\Program Files (x86)\Java\jdk1.7.0_25\jre\bin\dt_socket.dll
0x70300000 - 0x70312000 	C:\WINDOWS\system32\napinsp.dll
0x702e0000 - 0x702f6000 	C:\WINDOWS\system32\pnrpnsp.dll
0x702c0000 - 0x702d4000 	C:\WINDOWS\system32\NLAapi.dll
0x73510000 - 0x7355f000 	C:\WINDOWS\System32\mswsock.dll
0x733d0000 - 0x73454000 	C:\WINDOWS\SYSTEM32\DNSAPI.dll
0x74ec0000 - 0x74ec7000 	C:\WINDOWS\SYSTEM32\NSI.dll
0x702b0000 - 0x702bb000 	C:\WINDOWS\System32\winrnr.dll
0x70290000 - 0x702a1000 	C:\WINDOWS\System32\wshbth.dll
0x733a0000 - 0x733c1000 	C:\Program Files (x86)\Bonjour\mdnsNSP.dll
0x735d0000 - 0x735ff000 	C:\WINDOWS\SYSTEM32\Iphlpapi.DLL
0x72dc0000 - 0x72e07000 	C:\WINDOWS\System32\fwpuclnt.dll
0x736a0000 - 0x736bb000 	C:\WINDOWS\SYSTEM32\bcrypt.dll
0x73390000 - 0x73398000 	C:\Windows\System32\rasadhlp.dll
0x66ff0000 - 0x67004000 	C:\Program Files (x86)\Java\jdk1.7.0_25\jre\bin\net.dll
0x5d0c0000 - 0x5d0cf000 	C:\Program Files (x86)\Java\jdk1.7.0_25\jre\bin\nio.dll
0x5d5d0000 - 0x5d5f0000 	C:\Program Files (x86)\Java\jdk1.7.0_25\jre\bin\sunec.dll
0x5d5c0000 - 0x5d5c9000 	C:\Program Files (x86)\Java\jdk1.7.0_25\jre\bin\sunmscapi.dll
0x75c70000 - 0x75de9000 	C:\WINDOWS\SYSTEM32\CRYPT32.dll
0x74c20000 - 0x74c2e000 	C:\WINDOWS\SYSTEM32\MSASN1.dll
0x70350000 - 0x70363000 	C:\WINDOWS\SYSTEM32\CRYPTSP.dll
0x70320000 - 0x7034f000 	C:\WINDOWS\system32\rsaenh.dll
0x742e0000 - 0x742f9000 	C:\WINDOWS\SYSTEM32\USERENV.dll
0x74990000 - 0x7499f000 	C:\WINDOWS\SYSTEM32\profapi.dll
0x5cd30000 - 0x5ce74000 	C:\Program Files (x86)\Java\jdk1.7.0_25\jre\bin\awt.dll
0x75bd0000 - 0x75c62000 	C:\WINDOWS\SYSTEM32\OLEAUT32.dll
0x6fde0000 - 0x6fe72000 	C:\WINDOWS\system32\apphelp.dll
0x57dc0000 - 0x57de5000 	C:\Program Files (x86)\Java\jdk1.7.0_25\jre\bin\jpeg.dll
0x6e1c0000 - 0x6e1ed000 	C:\Program Files (x86)\Java\jdk1.7.0_25\jre\bin\kcms.dll
0x6e050000 - 0x6e0de000 	C:\Program Files (x86)\Java\jdk1.7.0_25\jre\bin\mlib_image.dll
0x730d0000 - 0x7320f000 	C:\WINDOWS\SYSTEM32\dbghelp.dll

VM Arguments:
jvm_args: -agentlib:jdwp=transport=dt_socket,suspend=y,address=localhost:65409 -Ddatastore.default_high_rep_job_policy_unapplied_job_pct=50 -Xmx512m -javaagent:C:\Users\WebDev\Downloads\appengine-java-sdk-1.9.38\lib\agent\appengine-agent.jar -Dfile.encoding=Cp1252 
java_command: com.google.appengine.tools.development.DevAppServerMain --port=8888 C:\Users\WebDev\sm\best-qualified001\war
Launcher Type: SUN_STANDARD

Environment Variables:
JAVA_HOME=C:\Program Files (x86)\Java\jdk1.7.0_25
PATH=C:\Program Files (x86)\Java\jdk1.7.0_25\jre\bin;C:\Program Files (x86)\Java\jdk1.7.0_25\bin;C:\Program Files (x86)\Intel\TXE Components\TCS\;C:\Program Files\Intel\TXE Components\TCS\;C:\WINDOWS\system32;C:\WINDOWS;C:\WINDOWS\System32\Wbem;C:\WINDOWS\System32\WindowsPowerShell\v1.0\;C:\Program Files\Hewlett-Packard\SimplePass\;C:\Program Files (x86)\Java\jdk1.7.0_25/bin;C:\Program Files (x86)\Skype\Phone\;C:\Program Files\Git\cmd;;C:\Users\WebDev\AppData\Local\Google\Cloud SDK\google-cloud-sdk\bin
USERNAME=WebDev
OS=Windows_NT
PROCESSOR_IDENTIFIER=Intel64 Family 6 Model 55 Stepping 8, GenuineIntel



---------------  S Y S T E M  ---------------

OS: Windows 8 , 64 bit Build 9200 

CPU:total 4 (4 cores per cpu, 1 threads per core) family 6 model 55 stepping 8, cmov, cx8, fxsr, mmx, sse, sse2, sse3, ssse3, sse4.1, sse4.2, popcnt, tsc, tscinvbit

Memory: 4k page, physical 4077840k(674020k free), swap 6699280k(1927536k free)

vm_info: Java HotSpot(TM) Client VM (23.25-b01) for windows-x86 JRE (1.7.0_25-b17), built on Jun 21 2013 13:06:48 by "java_re" with unknown MS VC++:1600

time: Wed Jul 20 16:17:41 2016
elapsed time: 474 seconds

